#
# There is insufficient memory for the Java Runtime Environment to continue.
# Native memory allocation (malloc) failed to allocate 1229936 bytes for Chunk::new
# Possible reasons:
#   The system is out of physical RAM or swap space
#   The process is running with CompressedOops enabled, and the Java Heap may be blocking the growth of the native heap
# Possible solutions:
#   Reduce memory load on the system
#   Increase physical memory or swap space
#   Check if swap backing store is full
#   Decrease Java heap size (-Xmx/-Xms)
#   Decrease number of Java threads
#   Decrease Java thread stack sizes (-Xss)
#   Set larger code cache with -XX:ReservedCodeCacheSize=
#   JVM is running with Unscaled Compressed Oops mode in which the Java heap is
#     placed in the first 4GB address space. The Java Heap base address is the
#     maximum limit for the native heap growth. Please use -XX:HeapBaseMinAddress
#     to set the Java Heap base and to place the Java Heap above 4GB virtual address.
# This output file may be truncated or incomplete.
#
#  Out of Memory Error (./src/hotspot/share/memory/arena.cpp:197), pid=26984, tid=9700
#
# JRE version: OpenJDK Runtime Environment (11.0.10) (build 11.0.10+0-b96-7249189)
# Java VM: OpenJDK 64-Bit Server VM (11.0.10+0-b96-7249189, mixed mode, tiered, compressed oops, g1 gc, windows-amd64)
# No core dump will be written. Minidumps are not enabled by default on client versions of Windows
#

---------------  S U M M A R Y ------------

Command Line: --add-opens=java.base/java.util=ALL-UNNAMED --add-opens=java.base/java.lang=ALL-UNNAMED --add-opens=java.base/java.lang.invoke=ALL-UNNAMED --add-opens=java.prefs/java.util.prefs=ALL-UNNAMED -Xmx1536m -Dfile.encoding=windows-1252 -Duser.country=PE -Duser.language=es -Duser.variant org.gradle.launcher.daemon.bootstrap.GradleDaemon 5.6.4

Host: AMD Ryzen 7 5800H with Radeon Graphics         , 16 cores, 7G,  Windows 10 , 64 bit Build 22000 (10.0.22000.318)
Time: Mon Dec 13 16:35:54 2021 Hora est. Pacífico, Sudamérica elapsed time: 119.901589 seconds (0d 0h 1m 59s)

---------------  T H R E A D  ---------------

Current thread (0x000001dbf1af8800):  JavaThread "C2 CompilerThread0" daemon [_thread_in_native, id=9700, stack(0x0000008f1ca00000,0x0000008f1cb00000)]


Current CompileTask:
C2: 119902 15227       4       org.objectweb.asm.commons.Remapper::mapType (123 bytes)

Stack: [0x0000008f1ca00000,0x0000008f1cb00000]
Native frames: (J=compiled Java code, j=interpreted, Vv=VM code, C=native code)
V  [jvm.dll+0x5ecfaa]
V  [jvm.dll+0x722bd5]
V  [jvm.dll+0x72412d]
V  [jvm.dll+0x7247e3]
V  [jvm.dll+0x242928]
V  [jvm.dll+0xbc4fc]
V  [jvm.dll+0xbca0c]
V  [jvm.dll+0x352d3b]
V  [jvm.dll+0x320ad3]
V  [jvm.dll+0x31ffca]
V  [jvm.dll+0x1fb602]
V  [jvm.dll+0x1fa7f4]
V  [jvm.dll+0x18354c]
V  [jvm.dll+0x208ee7]
V  [jvm.dll+0x207731]
V  [jvm.dll+0x6eb1cf]
V  [jvm.dll+0x6e3d45]
V  [jvm.dll+0x5ebe96]
C  [ucrtbase.dll+0x26c0c]
C  [KERNEL32.DLL+0x154e0]
C  [ntdll.dll+0x485b]


---------------  P R O C E S S  ---------------

Threads class SMR info:
_java_thread_list=0x000001dbf804ff10, length=46, elements={
0x000001dbd554e800, 0x000001dbf1111800, 0x000001dbf111a800, 0x000001dbf1af3000,
0x000001dbf1af4000, 0x000001dbf1af5800, 0x000001dbf1af8800, 0x000001dbf1133800,
0x000001dbf1140000, 0x000001dbf1c57000, 0x000001dbf2b04800, 0x000001dbf2e64800,
0x000001dbf359c800, 0x000001dbf34f8000, 0x000001dbf3513800, 0x000001dbf3ac5000,
0x000001dbf3b1b000, 0x000001dbf3b1a000, 0x000001dbf3b16000, 0x000001dbf3b12000,
0x000001dbf3b17000, 0x000001dbf3b13000, 0x000001dbf3b13800, 0x000001dbf3b18800,
0x000001dbf488c800, 0x000001dbf4891800, 0x000001dbf488b800, 0x000001dbf488f000,
0x000001dbf4890800, 0x000001dbf4892000, 0x000001dbf488f800, 0x000001dbf4893000,
0x000001dbf488e000, 0x000001dbf488d000, 0x000001dbf4897000, 0x000001dbf4893800,
0x000001dbf4894800, 0x000001dbf4899800, 0x000001dbf4895800, 0x000001dbf4896000,
0x000001dbf4898800, 0x000001dbf4898000, 0x000001dbf489a000, 0x000001dbf6a2f000,
0x000001dbf6a31800, 0x000001dbf6a2f800
}

Java Threads: ( => current thread )
  0x000001dbd554e800 JavaThread "main" [_thread_blocked, id=10060, stack(0x0000008f1be00000,0x0000008f1bf00000)]
  0x000001dbf1111800 JavaThread "Reference Handler" daemon [_thread_blocked, id=20952, stack(0x0000008f1c500000,0x0000008f1c600000)]
  0x000001dbf111a800 JavaThread "Finalizer" daemon [_thread_blocked, id=16960, stack(0x0000008f1c600000,0x0000008f1c700000)]
  0x000001dbf1af3000 JavaThread "Signal Dispatcher" daemon [_thread_blocked, id=26796, stack(0x0000008f1c700000,0x0000008f1c800000)]
  0x000001dbf1af4000 JavaThread "Attach Listener" daemon [_thread_blocked, id=9680, stack(0x0000008f1c800000,0x0000008f1c900000)]
  0x000001dbf1af5800 JavaThread "Service Thread" daemon [_thread_blocked, id=29940, stack(0x0000008f1c900000,0x0000008f1ca00000)]
=>0x000001dbf1af8800 JavaThread "C2 CompilerThread0" daemon [_thread_in_native, id=9700, stack(0x0000008f1ca00000,0x0000008f1cb00000)]
  0x000001dbf1133800 JavaThread "C1 CompilerThread0" daemon [_thread_in_native, id=31656, stack(0x0000008f1cb00000,0x0000008f1cc00000)]
  0x000001dbf1140000 JavaThread "Sweeper thread" daemon [_thread_blocked, id=29628, stack(0x0000008f1cc00000,0x0000008f1cd00000)]
  0x000001dbf1c57000 JavaThread "Common-Cleaner" daemon [_thread_blocked, id=29960, stack(0x0000008f1cd00000,0x0000008f1ce00000)]
  0x000001dbf2b04800 JavaThread "Daemon health stats" [_thread_blocked, id=26808, stack(0x0000008f1d000000,0x0000008f1d100000)]
  0x000001dbf2e64800 JavaThread "Incoming local TCP Connector on port 49854" [_thread_in_native, id=31936, stack(0x0000008f1d300000,0x0000008f1d400000)]
  0x000001dbf359c800 JavaThread "Daemon periodic checks" [_thread_blocked, id=31980, stack(0x0000008f1d400000,0x0000008f1d500000)]
  0x000001dbf34f8000 JavaThread "Daemon" [_thread_blocked, id=25688, stack(0x0000008f1d500000,0x0000008f1d600000)]
  0x000001dbf3513800 JavaThread "Handler for socket connection from /127.0.0.1:49854 to /127.0.0.1:49856" [_thread_in_native, id=27024, stack(0x0000008f1d600000,0x0000008f1d700000)]
  0x000001dbf3ac5000 JavaThread "Cancel handler" [_thread_blocked, id=18156, stack(0x0000008f1d700000,0x0000008f1d800000)]
  0x000001dbf3b1b000 JavaThread "Daemon worker" [_thread_in_Java, id=2044, stack(0x0000008f1d800000,0x0000008f1d900000)]
  0x000001dbf3b1a000 JavaThread "Asynchronous log dispatcher for DefaultDaemonConnection: socket connection from /127.0.0.1:49854 to /127.0.0.1:49856" [_thread_blocked, id=8700, stack(0x0000008f1d900000,0x0000008f1da00000)]
  0x000001dbf3b16000 JavaThread "Thread-8" [_thread_blocked, id=30660, stack(0x0000008f1db00000,0x0000008f1dc00000)]
  0x000001dbf3b12000 JavaThread "Cache worker for file hash cache (C:\Users\omarch\.gradle\caches\5.6.4\fileHashes)" [_thread_blocked, id=31612, stack(0x0000008f1e700000,0x0000008f1e800000)]
  0x000001dbf3b17000 JavaThread "File lock request listener" [_thread_in_native, id=21356, stack(0x0000008f1e800000,0x0000008f1e900000)]
  0x000001dbf3b13000 JavaThread "Cache worker for journal cache (C:\Users\omarch\.gradle\caches\journal-1)" [_thread_blocked, id=33036, stack(0x0000008f1e900000,0x0000008f1ea00000)]
  0x000001dbf3b13800 JavaThread "File lock release action executor" [_thread_blocked, id=31988, stack(0x0000008f1ea00000,0x0000008f1eb00000)]
  0x000001dbf3b18800 JavaThread "Cache worker for file hash cache (C:\Users\omarch\Documents\Android project\SmartQSaleVentaV7\.gradle\5.6.4\fileHashes)" [_thread_blocked, id=33300, stack(0x0000008f1ed00000,0x0000008f1ee00000)]
  0x000001dbf488c800 JavaThread "Cache worker for cache directory md-supplier (C:\Users\omarch\.gradle\caches\5.6.4\md-supplier)" [_thread_blocked, id=29840, stack(0x0000008f1ee00000,0x0000008f1ef00000)]
  0x000001dbf4891800 JavaThread "Cache worker for cache directory md-rule (C:\Users\omarch\.gradle\caches\5.6.4\md-rule)" [_thread_blocked, id=7668, stack(0x0000008f1ef00000,0x0000008f1f000000)]
  0x000001dbf488b800 JavaThread "Cache worker for execution history cache (C:\Users\omarch\.gradle\caches\5.6.4\executionHistory)" [_thread_blocked, id=23884, stack(0x0000008f1f000000,0x0000008f1f100000)]
  0x000001dbf488f000 JavaThread "Build operations" [_thread_blocked, id=31544, stack(0x0000008f1f100000,0x0000008f1f200000)]
  0x000001dbf4890800 JavaThread "Build operations Thread 2" [_thread_blocked, id=22572, stack(0x0000008f1f200000,0x0000008f1f300000)]
  0x000001dbf4892000 JavaThread "Build operations Thread 3" [_thread_blocked, id=12552, stack(0x0000008f1f300000,0x0000008f1f400000)]
  0x000001dbf488f800 JavaThread "Build operations Thread 4" [_thread_blocked, id=1388, stack(0x0000008f1f400000,0x0000008f1f500000)]
  0x000001dbf4893000 JavaThread "Build operations Thread 5" [_thread_blocked, id=32420, stack(0x0000008f1f500000,0x0000008f1f600000)]
  0x000001dbf488e000 JavaThread "Build operations Thread 6" [_thread_blocked, id=5900, stack(0x0000008f1f600000,0x0000008f1f700000)]
  0x000001dbf488d000 JavaThread "Build operations Thread 7" [_thread_blocked, id=10892, stack(0x0000008f1f700000,0x0000008f1f800000)]
  0x000001dbf4897000 JavaThread "Build operations Thread 8" [_thread_blocked, id=32136, stack(0x0000008f1f800000,0x0000008f1f900000)]
  0x000001dbf4893800 JavaThread "Build operations Thread 9" [_thread_blocked, id=26792, stack(0x0000008f1f900000,0x0000008f1fa00000)]
  0x000001dbf4894800 JavaThread "Build operations Thread 10" [_thread_blocked, id=3296, stack(0x0000008f1fa00000,0x0000008f1fb00000)]
  0x000001dbf4899800 JavaThread "Build operations Thread 11" [_thread_blocked, id=13472, stack(0x0000008f1fb00000,0x0000008f1fc00000)]
  0x000001dbf4895800 JavaThread "Build operations Thread 12" [_thread_blocked, id=11984, stack(0x0000008f1fc00000,0x0000008f1fd00000)]
  0x000001dbf4896000 JavaThread "Build operations Thread 13" [_thread_blocked, id=30348, stack(0x0000008f1fd00000,0x0000008f1fe00000)]
  0x000001dbf4898800 JavaThread "Build operations Thread 14" [_thread_blocked, id=26840, stack(0x0000008f1fe00000,0x0000008f1ff00000)]
  0x000001dbf4898000 JavaThread "Build operations Thread 15" [_thread_blocked, id=12928, stack(0x0000008f1ff00000,0x0000008f20000000)]
  0x000001dbf489a000 JavaThread "Build operations Thread 16" [_thread_blocked, id=9028, stack(0x0000008f20000000,0x0000008f20100000)]
  0x000001dbf6a2f000 JavaThread "pool-1-thread-1" [_thread_blocked, id=15656, stack(0x0000008f20100000,0x0000008f20200000)]
  0x000001dbf6a31800 JavaThread "Cache worker for Build Output Cleanup Cache (C:\Users\omarch\Documents\Android project\SmartQSaleVentaV7\.gradle\buildOutputCleanup)" [_thread_blocked, id=33260, stack(0x0000008f20200000,0x0000008f20300000)]
  0x000001dbf6a2f800 JavaThread "Memory manager" [_thread_blocked, id=14952, stack(0x0000008f20300000,0x0000008f20400000)]

Other Threads:
  0x000001dbf10ee800 VMThread "VM Thread" [stack: 0x0000008f1c400000,0x0000008f1c500000] [id=32540]
  0x000001dbf1c8c000 WatcherThread [stack: 0x0000008f1ce00000,0x0000008f1cf00000] [id=31100]
  0x000001dbd5568000 GCTaskThread "GC Thread#0" [stack: 0x0000008f1bf00000,0x0000008f1c000000] [id=11060]
  0x000001dbf2535800 GCTaskThread "GC Thread#1" [stack: 0x0000008f1cf00000,0x0000008f1d000000] [id=31192]
  0x000001dbf3b51000 GCTaskThread "GC Thread#2" [stack: 0x0000008f1dc00000,0x0000008f1dd00000] [id=31856]
  0x000001dbf3ae8000 GCTaskThread "GC Thread#3" [stack: 0x0000008f1dd00000,0x0000008f1de00000] [id=16444]
  0x000001dbf3b11000 GCTaskThread "GC Thread#4" [stack: 0x0000008f1de00000,0x0000008f1df00000] [id=32116]
  0x000001dbf3b4b800 GCTaskThread "GC Thread#5" [stack: 0x0000008f1df00000,0x0000008f1e000000] [id=22768]
  0x000001dbf3aee000 GCTaskThread "GC Thread#6" [stack: 0x0000008f1e000000,0x0000008f1e100000] [id=32880]
  0x000001dbf3acf000 GCTaskThread "GC Thread#7" [stack: 0x0000008f1e100000,0x0000008f1e200000] [id=14968]
  0x000001dbf3acf800 GCTaskThread "GC Thread#8" [stack: 0x0000008f1e200000,0x0000008f1e300000] [id=30428]
  0x000001dbf35f4800 GCTaskThread "GC Thread#9" [stack: 0x0000008f1e300000,0x0000008f1e400000] [id=24060]
  0x000001dbf35f5000 GCTaskThread "GC Thread#10" [stack: 0x0000008f1e400000,0x0000008f1e500000] [id=2768]
  0x000001dbf35f6000 GCTaskThread "GC Thread#11" [stack: 0x0000008f1e500000,0x0000008f1e600000] [id=27268]
  0x000001dbf35fa800 GCTaskThread "GC Thread#12" [stack: 0x0000008f1e600000,0x0000008f1e700000] [id=19164]
  0x000001dbd558f800 ConcurrentGCThread "G1 Main Marker" [stack: 0x0000008f1c000000,0x0000008f1c100000] [id=34528]
  0x000001dbd5592800 ConcurrentGCThread "G1 Conc#0" [stack: 0x0000008f1c100000,0x0000008f1c200000] [id=10624]
  0x000001dbf3b70800 ConcurrentGCThread "G1 Conc#1" [stack: 0x0000008f1eb00000,0x0000008f1ec00000] [id=19960]
  0x000001dbf3d5e800 ConcurrentGCThread "G1 Conc#2" [stack: 0x0000008f1ec00000,0x0000008f1ed00000] [id=1476]
  0x000001dbf0f61800 ConcurrentGCThread "G1 Refine#0" [stack: 0x0000008f1c200000,0x0000008f1c300000] [id=2672]
  0x000001dbd5627000 ConcurrentGCThread "G1 Young RemSet Sampling" [stack: 0x0000008f1c300000,0x0000008f1c400000] [id=31692]

Threads with active compile tasks:
C2 CompilerThread0 119992 15227       4       org.objectweb.asm.commons.Remapper::mapType (123 bytes)
C1 CompilerThread0 119992 15267       2       jdk.internal.reflect.MethodAccessorGenerator::emitInvoke (986 bytes)

VM state:not at safepoint (normal execution)

VM Mutex/Monitor currently owned by a thread: None

Heap address: 0x00000000a0000000, size: 1536 MB, Compressed Oops mode: 32-bit
Narrow klass base: 0x0000000000000000, Narrow klass shift: 3
Compressed class space size: 1073741824 Address: 0x0000000100000000

Heap:
 garbage-first heap   total 301056K, used 131088K [0x00000000a0000000, 0x0000000100000000)
  region size 1024K, 27 young (27648K), 9 survivors (9216K)
 Metaspace       used 96998K, capacity 99216K, committed 100096K, reserved 1136640K
  class space    used 12031K, capacity 12705K, committed 13056K, reserved 1048576K
Heap Regions: E=young(eden), S=young(survivor), O=old, HS=humongous(starts), HC=humongous(continues), CS=collection set, F=free, A=archive, TAMS=top-at-mark-start (previous, next)
|   0|0x00000000a0000000, 0x00000000a0100000, 0x00000000a0100000|100%| O|  |TAMS 0x00000000a0100000, 0x00000000a0000000| Untracked 
|   1|0x00000000a0100000, 0x00000000a0200000, 0x00000000a0200000|100%| O|  |TAMS 0x00000000a0200000, 0x00000000a0100000| Untracked 
|   2|0x00000000a0200000, 0x00000000a0300000, 0x00000000a0300000|100%| O|  |TAMS 0x00000000a0300000, 0x00000000a0200000| Untracked 
|   3|0x00000000a0300000, 0x00000000a0400000, 0x00000000a0400000|100%|HS|  |TAMS 0x00000000a0400000, 0x00000000a0300000| Complete 
|   4|0x00000000a0400000, 0x00000000a0500000, 0x00000000a0500000|100%|HC|  |TAMS 0x00000000a0500000, 0x00000000a0400000| Complete 
|   5|0x00000000a0500000, 0x00000000a0600000, 0x00000000a0600000|100%|HC|  |TAMS 0x00000000a0600000, 0x00000000a0500000| Complete 
|   6|0x00000000a0600000, 0x00000000a0700000, 0x00000000a0700000|100%| O|  |TAMS 0x00000000a0700000, 0x00000000a0600000| Untracked 
|   7|0x00000000a0700000, 0x00000000a0800000, 0x00000000a0800000|100%| O|  |TAMS 0x00000000a0800000, 0x00000000a0700000| Untracked 
|   8|0x00000000a0800000, 0x00000000a0900000, 0x00000000a0900000|100%| O|  |TAMS 0x00000000a0900000, 0x00000000a0800000| Untracked 
|   9|0x00000000a0900000, 0x00000000a0a00000, 0x00000000a0a00000|100%| O|  |TAMS 0x00000000a0a00000, 0x00000000a0900000| Untracked 
|  10|0x00000000a0a00000, 0x00000000a0b00000, 0x00000000a0b00000|100%| O|  |TAMS 0x00000000a0b00000, 0x00000000a0a00000| Untracked 
|  11|0x00000000a0b00000, 0x00000000a0c00000, 0x00000000a0c00000|100%| O|  |TAMS 0x00000000a0c00000, 0x00000000a0b00000| Untracked 
|  12|0x00000000a0c00000, 0x00000000a0d00000, 0x00000000a0d00000|100%| O|  |TAMS 0x00000000a0d00000, 0x00000000a0c00000| Untracked 
|  13|0x00000000a0d00000, 0x00000000a0e00000, 0x00000000a0e00000|100%|HS|  |TAMS 0x00000000a0e00000, 0x00000000a0d00000| Complete 
|  14|0x00000000a0e00000, 0x00000000a0f00000, 0x00000000a0f00000|100%|HC|  |TAMS 0x00000000a0f00000, 0x00000000a0e00000| Complete 
|  15|0x00000000a0f00000, 0x00000000a1000000, 0x00000000a1000000|100%|HS|  |TAMS 0x00000000a1000000, 0x00000000a0f00000| Complete 
|  16|0x00000000a1000000, 0x00000000a1100000, 0x00000000a1100000|100%|HC|  |TAMS 0x00000000a1100000, 0x00000000a1000000| Complete 
|  17|0x00000000a1100000, 0x00000000a1200000, 0x00000000a1200000|100%|HC|  |TAMS 0x00000000a1200000, 0x00000000a1100000| Complete 
|  18|0x00000000a1200000, 0x00000000a1300000, 0x00000000a1300000|100%|HS|  |TAMS 0x00000000a1300000, 0x00000000a1200000| Complete 
|  19|0x00000000a1300000, 0x00000000a1400000, 0x00000000a1400000|100%|HC|  |TAMS 0x00000000a1400000, 0x00000000a1300000| Complete 
|  20|0x00000000a1400000, 0x00000000a1500000, 0x00000000a1500000|100%|HC|  |TAMS 0x00000000a1500000, 0x00000000a1400000| Complete 
|  21|0x00000000a1500000, 0x00000000a1600000, 0x00000000a1600000|100%|HC|  |TAMS 0x00000000a1600000, 0x00000000a1500000| Complete 
|  22|0x00000000a1600000, 0x00000000a1700000, 0x00000000a1700000|100%|HC|  |TAMS 0x00000000a1700000, 0x00000000a1600000| Complete 
|  23|0x00000000a1700000, 0x00000000a1800000, 0x00000000a1800000|100%| O|  |TAMS 0x00000000a1800000, 0x00000000a1700000| Untracked 
|  24|0x00000000a1800000, 0x00000000a1900000, 0x00000000a1900000|100%| O|  |TAMS 0x00000000a1900000, 0x00000000a1800000| Untracked 
|  25|0x00000000a1900000, 0x00000000a1a00000, 0x00000000a1a00000|100%| O|  |TAMS 0x00000000a1a00000, 0x00000000a1900000| Untracked 
|  26|0x00000000a1a00000, 0x00000000a1b00000, 0x00000000a1b00000|100%| O|  |TAMS 0x00000000a1b00000, 0x00000000a1a00000| Untracked 
|  27|0x00000000a1b00000, 0x00000000a1c00000, 0x00000000a1c00000|100%| O|  |TAMS 0x00000000a1c00000, 0x00000000a1b00000| Untracked 
|  28|0x00000000a1c00000, 0x00000000a1d00000, 0x00000000a1d00000|100%| O|  |TAMS 0x00000000a1d00000, 0x00000000a1c00000| Untracked 
|  29|0x00000000a1d00000, 0x00000000a1e00000, 0x00000000a1e00000|100%| O|  |TAMS 0x00000000a1e00000, 0x00000000a1d00000| Untracked 
|  30|0x00000000a1e00000, 0x00000000a1f00000, 0x00000000a1f00000|100%| O|  |TAMS 0x00000000a1f00000, 0x00000000a1e00000| Untracked 
|  31|0x00000000a1f00000, 0x00000000a2000000, 0x00000000a2000000|100%| O|  |TAMS 0x00000000a2000000, 0x00000000a1f00000| Untracked 
|  32|0x00000000a2000000, 0x00000000a2100000, 0x00000000a2100000|100%| O|  |TAMS 0x00000000a2100000, 0x00000000a2000000| Untracked 
|  33|0x00000000a2100000, 0x00000000a2200000, 0x00000000a2200000|100%| O|  |TAMS 0x00000000a2200000, 0x00000000a2100000| Untracked 
|  34|0x00000000a2200000, 0x00000000a2300000, 0x00000000a2300000|100%| O|  |TAMS 0x00000000a2300000, 0x00000000a2200000| Untracked 
|  35|0x00000000a2300000, 0x00000000a2400000, 0x00000000a2400000|100%| O|  |TAMS 0x00000000a2400000, 0x00000000a2300000| Untracked 
|  36|0x00000000a2400000, 0x00000000a2500000, 0x00000000a2500000|100%| O|  |TAMS 0x00000000a2500000, 0x00000000a2400000| Untracked 
|  37|0x00000000a2500000, 0x00000000a2600000, 0x00000000a2600000|100%|HS|  |TAMS 0x00000000a2600000, 0x00000000a2500000| Complete 
|  38|0x00000000a2600000, 0x00000000a2700000, 0x00000000a2700000|100%|HC|  |TAMS 0x00000000a2700000, 0x00000000a2600000| Complete 
|  39|0x00000000a2700000, 0x00000000a2800000, 0x00000000a2800000|100%|HC|  |TAMS 0x00000000a2800000, 0x00000000a2700000| Complete 
|  40|0x00000000a2800000, 0x00000000a2900000, 0x00000000a2900000|100%|HS|  |TAMS 0x00000000a2900000, 0x00000000a2800000| Complete 
|  41|0x00000000a2900000, 0x00000000a2a00000, 0x00000000a2a00000|100%|HC|  |TAMS 0x00000000a2a00000, 0x00000000a2900000| Complete 
|  42|0x00000000a2a00000, 0x00000000a2b00000, 0x00000000a2b00000|100%| O|  |TAMS 0x00000000a2b00000, 0x00000000a2a00000| Untracked 
|  43|0x00000000a2b00000, 0x00000000a2c00000, 0x00000000a2c00000|100%| O|  |TAMS 0x00000000a2c00000, 0x00000000a2b00000| Untracked 
|  44|0x00000000a2c00000, 0x00000000a2d00000, 0x00000000a2d00000|100%| O|  |TAMS 0x00000000a2d00000, 0x00000000a2c00000| Untracked 
|  45|0x00000000a2d00000, 0x00000000a2e00000, 0x00000000a2e00000|100%| O|  |TAMS 0x00000000a2e00000, 0x00000000a2d00000| Untracked 
|  46|0x00000000a2e00000, 0x00000000a2e00000, 0x00000000a2f00000|  0%| F|  |TAMS 0x00000000a2e00000, 0x00000000a2e00000| Untracked 
|  47|0x00000000a2f00000, 0x00000000a3000000, 0x00000000a3000000|100%| O|  |TAMS 0x00000000a3000000, 0x00000000a2f00000| Untracked 
|  48|0x00000000a3000000, 0x00000000a3100000, 0x00000000a3100000|100%| O|  |TAMS 0x00000000a3100000, 0x00000000a3000000| Untracked 
|  49|0x00000000a3100000, 0x00000000a3200000, 0x00000000a3200000|100%| O|  |TAMS 0x00000000a3200000, 0x00000000a3100000| Untracked 
|  50|0x00000000a3200000, 0x00000000a3300000, 0x00000000a3300000|100%| O|  |TAMS 0x00000000a3300000, 0x00000000a3200000| Untracked 
|  51|0x00000000a3300000, 0x00000000a3400000, 0x00000000a3400000|100%| O|  |TAMS 0x00000000a3400000, 0x00000000a3300000| Untracked 
|  52|0x00000000a3400000, 0x00000000a3500000, 0x00000000a3500000|100%| O|  |TAMS 0x00000000a3500000, 0x00000000a3400000| Untracked 
|  53|0x00000000a3500000, 0x00000000a3600000, 0x00000000a3600000|100%| O|  |TAMS 0x00000000a3600000, 0x00000000a3500000| Untracked 
|  54|0x00000000a3600000, 0x00000000a3700000, 0x00000000a3700000|100%| O|  |TAMS 0x00000000a3700000, 0x00000000a3600000| Untracked 
|  55|0x00000000a3700000, 0x00000000a3800000, 0x00000000a3800000|100%| O|  |TAMS 0x00000000a3800000, 0x00000000a3700000| Untracked 
|  56|0x00000000a3800000, 0x00000000a3900000, 0x00000000a3900000|100%| O|  |TAMS 0x00000000a3900000, 0x00000000a3800000| Untracked 
|  57|0x00000000a3900000, 0x00000000a3a00000, 0x00000000a3a00000|100%| O|  |TAMS 0x00000000a3a00000, 0x00000000a3900000| Untracked 
|  58|0x00000000a3a00000, 0x00000000a3b00000, 0x00000000a3b00000|100%| O|  |TAMS 0x00000000a3b00000, 0x00000000a3a00000| Untracked 
|  59|0x00000000a3b00000, 0x00000000a3c00000, 0x00000000a3c00000|100%| O|  |TAMS 0x00000000a3c00000, 0x00000000a3b00000| Untracked 
|  60|0x00000000a3c00000, 0x00000000a3d00000, 0x00000000a3d00000|100%| O|  |TAMS 0x00000000a3d00000, 0x00000000a3c00000| Untracked 
|  61|0x00000000a3d00000, 0x00000000a3e00000, 0x00000000a3e00000|100%| O|  |TAMS 0x00000000a3e00000, 0x00000000a3d00000| Untracked 
|  62|0x00000000a3e00000, 0x00000000a3f00000, 0x00000000a3f00000|100%| O|  |TAMS 0x00000000a3f00000, 0x00000000a3e00000| Untracked 
|  63|0x00000000a3f00000, 0x00000000a4000000, 0x00000000a4000000|100%| O|  |TAMS 0x00000000a4000000, 0x00000000a3f00000| Untracked 
|  64|0x00000000a4000000, 0x00000000a4100000, 0x00000000a4100000|100%| O|  |TAMS 0x00000000a4100000, 0x00000000a4000000| Untracked 
|  65|0x00000000a4100000, 0x00000000a4200000, 0x00000000a4200000|100%| O|  |TAMS 0x00000000a4200000, 0x00000000a4100000| Untracked 
|  66|0x00000000a4200000, 0x00000000a4300000, 0x00000000a4300000|100%| O|  |TAMS 0x00000000a4300000, 0x00000000a4200000| Untracked 
|  67|0x00000000a4300000, 0x00000000a4400000, 0x00000000a4400000|100%| O|  |TAMS 0x00000000a4400000, 0x00000000a4300000| Untracked 
|  68|0x00000000a4400000, 0x00000000a4500000, 0x00000000a4500000|100%| O|  |TAMS 0x00000000a4500000, 0x00000000a4400000| Untracked 
|  69|0x00000000a4500000, 0x00000000a4600000, 0x00000000a4600000|100%| O|  |TAMS 0x00000000a4600000, 0x00000000a4500000| Untracked 
|  70|0x00000000a4600000, 0x00000000a4700000, 0x00000000a4700000|100%| O|  |TAMS 0x00000000a4700000, 0x00000000a4600000| Untracked 
|  71|0x00000000a4700000, 0x00000000a4800000, 0x00000000a4800000|100%| O|  |TAMS 0x00000000a4800000, 0x00000000a4700000| Untracked 
|  72|0x00000000a4800000, 0x00000000a4900000, 0x00000000a4900000|100%| O|  |TAMS 0x00000000a4900000, 0x00000000a4800000| Untracked 
|  73|0x00000000a4900000, 0x00000000a4a00000, 0x00000000a4a00000|100%| O|  |TAMS 0x00000000a4a00000, 0x00000000a4900000| Untracked 
|  74|0x00000000a4a00000, 0x00000000a4b00000, 0x00000000a4b00000|100%| O|  |TAMS 0x00000000a4b00000, 0x00000000a4a00000| Untracked 
|  75|0x00000000a4b00000, 0x00000000a4c00000, 0x00000000a4c00000|100%| O|  |TAMS 0x00000000a4c00000, 0x00000000a4b00000| Untracked 
|  76|0x00000000a4c00000, 0x00000000a4d00000, 0x00000000a4d00000|100%| O|  |TAMS 0x00000000a4d00000, 0x00000000a4c00000| Untracked 
|  77|0x00000000a4d00000, 0x00000000a4e00000, 0x00000000a4e00000|100%| O|  |TAMS 0x00000000a4e00000, 0x00000000a4d00000| Untracked 
|  78|0x00000000a4e00000, 0x00000000a4f00000, 0x00000000a4f00000|100%| O|  |TAMS 0x00000000a4f00000, 0x00000000a4e00000| Untracked 
|  79|0x00000000a4f00000, 0x00000000a5000000, 0x00000000a5000000|100%| O|  |TAMS 0x00000000a5000000, 0x00000000a4f00000| Untracked 
|  80|0x00000000a5000000, 0x00000000a5100000, 0x00000000a5100000|100%| O|  |TAMS 0x00000000a5100000, 0x00000000a5000000| Untracked 
|  81|0x00000000a5100000, 0x00000000a5200000, 0x00000000a5200000|100%| O|  |TAMS 0x00000000a5200000, 0x00000000a5100000| Untracked 
|  82|0x00000000a5200000, 0x00000000a5300000, 0x00000000a5300000|100%| O|  |TAMS 0x00000000a5300000, 0x00000000a5200000| Untracked 
|  83|0x00000000a5300000, 0x00000000a5400000, 0x00000000a5400000|100%| O|  |TAMS 0x00000000a5400000, 0x00000000a5300000| Untracked 
|  84|0x00000000a5400000, 0x00000000a5500000, 0x00000000a5500000|100%| O|  |TAMS 0x00000000a5500000, 0x00000000a5400000| Untracked 
|  85|0x00000000a5500000, 0x00000000a5600000, 0x00000000a5600000|100%| O|  |TAMS 0x00000000a5600000, 0x00000000a5500000| Untracked 
|  86|0x00000000a5600000, 0x00000000a5700000, 0x00000000a5700000|100%| O|  |TAMS 0x00000000a5700000, 0x00000000a5600000| Untracked 
|  87|0x00000000a5700000, 0x00000000a5800000, 0x00000000a5800000|100%| O|  |TAMS 0x00000000a5800000, 0x00000000a5700000| Untracked 
|  88|0x00000000a5800000, 0x00000000a5872600, 0x00000000a5900000| 44%| O|  |TAMS 0x00000000a5872600, 0x00000000a5800000| Untracked 
|  89|0x00000000a5900000, 0x00000000a5900000, 0x00000000a5a00000|  0%| F|  |TAMS 0x00000000a5900000, 0x00000000a5900000| Untracked 
|  90|0x00000000a5a00000, 0x00000000a5b00000, 0x00000000a5b00000|100%| O|  |TAMS 0x00000000a5b00000, 0x00000000a5a00000| Untracked 
|  91|0x00000000a5b00000, 0x00000000a5c00000, 0x00000000a5c00000|100%| O|  |TAMS 0x00000000a5c00000, 0x00000000a5b00000| Untracked 
|  92|0x00000000a5c00000, 0x00000000a5c00000, 0x00000000a5d00000|  0%| F|  |TAMS 0x00000000a5c00000, 0x00000000a5c00000| Untracked 
|  93|0x00000000a5d00000, 0x00000000a5d00000, 0x00000000a5e00000|  0%| F|  |TAMS 0x00000000a5d00000, 0x00000000a5d00000| Untracked 
|  94|0x00000000a5e00000, 0x00000000a5f00000, 0x00000000a5f00000|100%| O|  |TAMS 0x00000000a5f00000, 0x00000000a5e00000| Untracked 
|  95|0x00000000a5f00000, 0x00000000a6000000, 0x00000000a6000000|100%| O|  |TAMS 0x00000000a6000000, 0x00000000a5f00000| Untracked 
|  96|0x00000000a6000000, 0x00000000a6100000, 0x00000000a6100000|100%| O|  |TAMS 0x00000000a6100000, 0x00000000a6000000| Untracked 
|  97|0x00000000a6100000, 0x00000000a6100000, 0x00000000a6200000|  0%| F|  |TAMS 0x00000000a6100000, 0x00000000a6100000| Untracked 
|  98|0x00000000a6200000, 0x00000000a6200000, 0x00000000a6300000|  0%| F|  |TAMS 0x00000000a6200000, 0x00000000a6200000| Untracked 
|  99|0x00000000a6300000, 0x00000000a6400000, 0x00000000a6400000|100%| O|  |TAMS 0x00000000a6400000, 0x00000000a6300000| Untracked 
| 100|0x00000000a6400000, 0x00000000a6500000, 0x00000000a6500000|100%| O|  |TAMS 0x00000000a6500000, 0x00000000a6400000| Untracked 
| 101|0x00000000a6500000, 0x00000000a6500000, 0x00000000a6600000|  0%| F|  |TAMS 0x00000000a6500000, 0x00000000a6500000| Untracked 
| 102|0x00000000a6600000, 0x00000000a6700000, 0x00000000a6700000|100%| O|  |TAMS 0x00000000a6700000, 0x00000000a6600000| Untracked 
| 103|0x00000000a6700000, 0x00000000a6800000, 0x00000000a6800000|100%| O|  |TAMS 0x00000000a6800000, 0x00000000a6700000| Untracked 
| 104|0x00000000a6800000, 0x00000000a6800000, 0x00000000a6900000|  0%| F|  |TAMS 0x00000000a6800000, 0x00000000a6800000| Untracked 
| 105|0x00000000a6900000, 0x00000000a6900000, 0x00000000a6a00000|  0%| F|  |TAMS 0x00000000a6900000, 0x00000000a6900000| Untracked 
| 106|0x00000000a6a00000, 0x00000000a6b00000, 0x00000000a6b00000|100%| O|  |TAMS 0x00000000a6b00000, 0x00000000a6a00000| Untracked 
| 107|0x00000000a6b00000, 0x00000000a6c00000, 0x00000000a6c00000|100%| O|  |TAMS 0x00000000a6c00000, 0x00000000a6b00000| Untracked 
| 108|0x00000000a6c00000, 0x00000000a6d00000, 0x00000000a6d00000|100%| O|  |TAMS 0x00000000a6d00000, 0x00000000a6c00000| Untracked 
| 109|0x00000000a6d00000, 0x00000000a6e00000, 0x00000000a6e00000|100%| O|  |TAMS 0x00000000a6e00000, 0x00000000a6d00000| Untracked 
| 110|0x00000000a6e00000, 0x00000000a6f00000, 0x00000000a6f00000|100%| O|  |TAMS 0x00000000a6f00000, 0x00000000a6e00000| Untracked 
| 111|0x00000000a6f00000, 0x00000000a7000000, 0x00000000a7000000|100%| O|  |TAMS 0x00000000a7000000, 0x00000000a6f00000| Untracked 
| 112|0x00000000a7000000, 0x00000000a7000000, 0x00000000a7100000|  0%| F|  |TAMS 0x00000000a7000000, 0x00000000a7000000| Untracked 
| 113|0x00000000a7100000, 0x00000000a7100000, 0x00000000a7200000|  0%| F|  |TAMS 0x00000000a7100000, 0x00000000a7100000| Untracked 
| 114|0x00000000a7200000, 0x00000000a7200000, 0x00000000a7300000|  0%| F|  |TAMS 0x00000000a7200000, 0x00000000a7200000| Untracked 
| 115|0x00000000a7300000, 0x00000000a7300000, 0x00000000a7400000|  0%| F|  |TAMS 0x00000000a7300000, 0x00000000a7300000| Untracked 
| 116|0x00000000a7400000, 0x00000000a7400000, 0x00000000a7500000|  0%| F|  |TAMS 0x00000000a7400000, 0x00000000a7400000| Untracked 
| 117|0x00000000a7500000, 0x00000000a7500000, 0x00000000a7600000|  0%| F|  |TAMS 0x00000000a7500000, 0x00000000a7500000| Untracked 
| 118|0x00000000a7600000, 0x00000000a7600000, 0x00000000a7700000|  0%| F|  |TAMS 0x00000000a7600000, 0x00000000a7600000| Untracked 
| 119|0x00000000a7700000, 0x00000000a7700000, 0x00000000a7800000|  0%| F|  |TAMS 0x00000000a7700000, 0x00000000a7700000| Untracked 
| 120|0x00000000a7800000, 0x00000000a7800000, 0x00000000a7900000|  0%| F|  |TAMS 0x00000000a7800000, 0x00000000a7800000| Untracked 
| 121|0x00000000a7900000, 0x00000000a7900000, 0x00000000a7a00000|  0%| F|  |TAMS 0x00000000a7900000, 0x00000000a7900000| Untracked 
| 122|0x00000000a7a00000, 0x00000000a7a00000, 0x00000000a7b00000|  0%| F|  |TAMS 0x00000000a7a00000, 0x00000000a7a00000| Untracked 
| 123|0x00000000a7b00000, 0x00000000a7b00000, 0x00000000a7c00000|  0%| F|  |TAMS 0x00000000a7b00000, 0x00000000a7b00000| Untracked 
| 124|0x00000000a7c00000, 0x00000000a7c00000, 0x00000000a7d00000|  0%| F|  |TAMS 0x00000000a7c00000, 0x00000000a7c00000| Untracked 
| 125|0x00000000a7d00000, 0x00000000a7d00000, 0x00000000a7e00000|  0%| F|  |TAMS 0x00000000a7d00000, 0x00000000a7d00000| Untracked 
| 126|0x00000000a7e00000, 0x00000000a7e00000, 0x00000000a7f00000|  0%| F|  |TAMS 0x00000000a7e00000, 0x00000000a7e00000| Untracked 
| 127|0x00000000a7f00000, 0x00000000a7f00000, 0x00000000a8000000|  0%| F|  |TAMS 0x00000000a7f00000, 0x00000000a7f00000| Untracked 
| 128|0x00000000a8000000, 0x00000000a8000000, 0x00000000a8100000|  0%| F|  |TAMS 0x00000000a8000000, 0x00000000a8000000| Untracked 
| 129|0x00000000a8100000, 0x00000000a8100000, 0x00000000a8200000|  0%| F|  |TAMS 0x00000000a8100000, 0x00000000a8100000| Untracked 
| 130|0x00000000a8200000, 0x00000000a8200000, 0x00000000a8300000|  0%| F|  |TAMS 0x00000000a8200000, 0x00000000a8200000| Untracked 
| 131|0x00000000a8300000, 0x00000000a8300000, 0x00000000a8400000|  0%| F|  |TAMS 0x00000000a8300000, 0x00000000a8300000| Untracked 
| 132|0x00000000a8400000, 0x00000000a8400000, 0x00000000a8500000|  0%| F|  |TAMS 0x00000000a8400000, 0x00000000a8400000| Untracked 
| 133|0x00000000a8500000, 0x00000000a8500000, 0x00000000a8600000|  0%| F|  |TAMS 0x00000000a8500000, 0x00000000a8500000| Untracked 
| 134|0x00000000a8600000, 0x00000000a8600000, 0x00000000a8700000|  0%| F|  |TAMS 0x00000000a8600000, 0x00000000a8600000| Untracked 
| 135|0x00000000a8700000, 0x00000000a8700000, 0x00000000a8800000|  0%| F|  |TAMS 0x00000000a8700000, 0x00000000a8700000| Untracked 
| 136|0x00000000a8800000, 0x00000000a8800000, 0x00000000a8900000|  0%| F|  |TAMS 0x00000000a8800000, 0x00000000a8800000| Untracked 
| 137|0x00000000a8900000, 0x00000000a8900000, 0x00000000a8a00000|  0%| F|  |TAMS 0x00000000a8900000, 0x00000000a8900000| Untracked 
| 138|0x00000000a8a00000, 0x00000000a8a00000, 0x00000000a8b00000|  0%| F|  |TAMS 0x00000000a8a00000, 0x00000000a8a00000| Untracked 
| 139|0x00000000a8b00000, 0x00000000a8b00000, 0x00000000a8c00000|  0%| F|  |TAMS 0x00000000a8b00000, 0x00000000a8b00000| Untracked 
| 140|0x00000000a8c00000, 0x00000000a8c00000, 0x00000000a8d00000|  0%| F|  |TAMS 0x00000000a8c00000, 0x00000000a8c00000| Untracked 
| 141|0x00000000a8d00000, 0x00000000a8d00000, 0x00000000a8e00000|  0%| F|  |TAMS 0x00000000a8d00000, 0x00000000a8d00000| Untracked 
| 142|0x00000000a8e00000, 0x00000000a8e00000, 0x00000000a8f00000|  0%| F|  |TAMS 0x00000000a8e00000, 0x00000000a8e00000| Untracked 
| 143|0x00000000a8f00000, 0x00000000a8f00000, 0x00000000a9000000|  0%| F|  |TAMS 0x00000000a8f00000, 0x00000000a8f00000| Untracked 
| 144|0x00000000a9000000, 0x00000000a9000000, 0x00000000a9100000|  0%| F|  |TAMS 0x00000000a9000000, 0x00000000a9000000| Untracked 
| 145|0x00000000a9100000, 0x00000000a9100000, 0x00000000a9200000|  0%| F|  |TAMS 0x00000000a9100000, 0x00000000a9100000| Untracked 
| 146|0x00000000a9200000, 0x00000000a9200000, 0x00000000a9300000|  0%| F|  |TAMS 0x00000000a9200000, 0x00000000a9200000| Untracked 
| 147|0x00000000a9300000, 0x00000000a9300000, 0x00000000a9400000|  0%| F|  |TAMS 0x00000000a9300000, 0x00000000a9300000| Untracked 
| 148|0x00000000a9400000, 0x00000000a9400000, 0x00000000a9500000|  0%| F|  |TAMS 0x00000000a9400000, 0x00000000a9400000| Untracked 
| 149|0x00000000a9500000, 0x00000000a9500000, 0x00000000a9600000|  0%| F|  |TAMS 0x00000000a9500000, 0x00000000a9500000| Untracked 
| 150|0x00000000a9600000, 0x00000000a9600000, 0x00000000a9700000|  0%| F|  |TAMS 0x00000000a9600000, 0x00000000a9600000| Untracked 
| 151|0x00000000a9700000, 0x00000000a9700000, 0x00000000a9800000|  0%| F|  |TAMS 0x00000000a9700000, 0x00000000a9700000| Untracked 
| 152|0x00000000a9800000, 0x00000000a9800000, 0x00000000a9900000|  0%| F|  |TAMS 0x00000000a9800000, 0x00000000a9800000| Untracked 
| 153|0x00000000a9900000, 0x00000000a9900000, 0x00000000a9a00000|  0%| F|  |TAMS 0x00000000a9900000, 0x00000000a9900000| Untracked 
| 154|0x00000000a9a00000, 0x00000000a9a00000, 0x00000000a9b00000|  0%| F|  |TAMS 0x00000000a9a00000, 0x00000000a9a00000| Untracked 
| 155|0x00000000a9b00000, 0x00000000a9b00000, 0x00000000a9c00000|  0%| F|  |TAMS 0x00000000a9b00000, 0x00000000a9b00000| Untracked 
| 156|0x00000000a9c00000, 0x00000000a9c00000, 0x00000000a9d00000|  0%| F|  |TAMS 0x00000000a9c00000, 0x00000000a9c00000| Untracked 
| 157|0x00000000a9d00000, 0x00000000a9d00000, 0x00000000a9e00000|  0%| F|  |TAMS 0x00000000a9d00000, 0x00000000a9d00000| Untracked 
| 158|0x00000000a9e00000, 0x00000000a9e00000, 0x00000000a9f00000|  0%| F|  |TAMS 0x00000000a9e00000, 0x00000000a9e00000| Untracked 
| 159|0x00000000a9f00000, 0x00000000a9f00000, 0x00000000aa000000|  0%| F|  |TAMS 0x00000000a9f00000, 0x00000000a9f00000| Untracked 
| 160|0x00000000aa000000, 0x00000000aa000000, 0x00000000aa100000|  0%| F|  |TAMS 0x00000000aa000000, 0x00000000aa000000| Untracked 
| 161|0x00000000aa100000, 0x00000000aa100000, 0x00000000aa200000|  0%| F|  |TAMS 0x00000000aa100000, 0x00000000aa100000| Untracked 
| 162|0x00000000aa200000, 0x00000000aa200000, 0x00000000aa300000|  0%| F|  |TAMS 0x00000000aa200000, 0x00000000aa200000| Untracked 
| 163|0x00000000aa300000, 0x00000000aa300000, 0x00000000aa400000|  0%| F|  |TAMS 0x00000000aa300000, 0x00000000aa300000| Untracked 
| 164|0x00000000aa400000, 0x00000000aa400000, 0x00000000aa500000|  0%| F|  |TAMS 0x00000000aa400000, 0x00000000aa400000| Untracked 
| 165|0x00000000aa500000, 0x00000000aa500000, 0x00000000aa600000|  0%| F|  |TAMS 0x00000000aa500000, 0x00000000aa500000| Untracked 
| 166|0x00000000aa600000, 0x00000000aa600000, 0x00000000aa700000|  0%| F|  |TAMS 0x00000000aa600000, 0x00000000aa600000| Untracked 
| 167|0x00000000aa700000, 0x00000000aa700000, 0x00000000aa800000|  0%| F|  |TAMS 0x00000000aa700000, 0x00000000aa700000| Untracked 
| 168|0x00000000aa800000, 0x00000000aa800000, 0x00000000aa900000|  0%| F|  |TAMS 0x00000000aa800000, 0x00000000aa800000| Untracked 
| 169|0x00000000aa900000, 0x00000000aa900000, 0x00000000aaa00000|  0%| F|  |TAMS 0x00000000aa900000, 0x00000000aa900000| Untracked 
| 170|0x00000000aaa00000, 0x00000000aaa00000, 0x00000000aab00000|  0%| F|  |TAMS 0x00000000aaa00000, 0x00000000aaa00000| Untracked 
| 171|0x00000000aab00000, 0x00000000aab00000, 0x00000000aac00000|  0%| F|  |TAMS 0x00000000aab00000, 0x00000000aab00000| Untracked 
| 172|0x00000000aac00000, 0x00000000aac00000, 0x00000000aad00000|  0%| F|  |TAMS 0x00000000aac00000, 0x00000000aac00000| Untracked 
| 173|0x00000000aad00000, 0x00000000aad00000, 0x00000000aae00000|  0%| F|  |TAMS 0x00000000aad00000, 0x00000000aad00000| Untracked 
| 174|0x00000000aae00000, 0x00000000aae91a38, 0x00000000aaf00000| 56%| S|CS|TAMS 0x00000000aae00000, 0x00000000aae00000| Complete 
| 175|0x00000000aaf00000, 0x00000000ab000000, 0x00000000ab000000|100%| S|CS|TAMS 0x00000000aaf00000, 0x00000000aaf00000| Complete 
| 176|0x00000000ab000000, 0x00000000ab100000, 0x00000000ab100000|100%| S|CS|TAMS 0x00000000ab000000, 0x00000000ab000000| Complete 
| 177|0x00000000ab100000, 0x00000000ab200000, 0x00000000ab200000|100%| S|CS|TAMS 0x00000000ab100000, 0x00000000ab100000| Complete 
| 178|0x00000000ab200000, 0x00000000ab300000, 0x00000000ab300000|100%| S|CS|TAMS 0x00000000ab200000, 0x00000000ab200000| Complete 
| 179|0x00000000ab300000, 0x00000000ab400000, 0x00000000ab400000|100%| S|CS|TAMS 0x00000000ab300000, 0x00000000ab300000| Complete 
| 180|0x00000000ab400000, 0x00000000ab500000, 0x00000000ab500000|100%| S|CS|TAMS 0x00000000ab400000, 0x00000000ab400000| Complete 
| 181|0x00000000ab500000, 0x00000000ab600000, 0x00000000ab600000|100%| S|CS|TAMS 0x00000000ab500000, 0x00000000ab500000| Complete 
| 182|0x00000000ab600000, 0x00000000ab700000, 0x00000000ab700000|100%| S|CS|TAMS 0x00000000ab600000, 0x00000000ab600000| Complete 
| 183|0x00000000ab700000, 0x00000000ab700000, 0x00000000ab800000|  0%| F|  |TAMS 0x00000000ab700000, 0x00000000ab700000| Untracked 
| 184|0x00000000ab800000, 0x00000000ab800000, 0x00000000ab900000|  0%| F|  |TAMS 0x00000000ab800000, 0x00000000ab800000| Untracked 
| 185|0x00000000ab900000, 0x00000000ab900000, 0x00000000aba00000|  0%| F|  |TAMS 0x00000000ab900000, 0x00000000ab900000| Untracked 
| 186|0x00000000aba00000, 0x00000000aba00000, 0x00000000abb00000|  0%| F|  |TAMS 0x00000000aba00000, 0x00000000aba00000| Untracked 
| 187|0x00000000abb00000, 0x00000000abb00000, 0x00000000abc00000|  0%| F|  |TAMS 0x00000000abb00000, 0x00000000abb00000| Untracked 
| 188|0x00000000abc00000, 0x00000000abc00000, 0x00000000abd00000|  0%| F|  |TAMS 0x00000000abc00000, 0x00000000abc00000| Untracked 
| 189|0x00000000abd00000, 0x00000000abd00000, 0x00000000abe00000|  0%| F|  |TAMS 0x00000000abd00000, 0x00000000abd00000| Untracked 
| 190|0x00000000abe00000, 0x00000000abe00000, 0x00000000abf00000|  0%| F|  |TAMS 0x00000000abe00000, 0x00000000abe00000| Untracked 
| 191|0x00000000abf00000, 0x00000000abf00000, 0x00000000ac000000|  0%| F|  |TAMS 0x00000000abf00000, 0x00000000abf00000| Untracked 
| 192|0x00000000ac000000, 0x00000000ac000000, 0x00000000ac100000|  0%| F|  |TAMS 0x00000000ac000000, 0x00000000ac000000| Untracked 
| 193|0x00000000ac100000, 0x00000000ac100000, 0x00000000ac200000|  0%| F|  |TAMS 0x00000000ac100000, 0x00000000ac100000| Untracked 
| 194|0x00000000ac200000, 0x00000000ac200000, 0x00000000ac300000|  0%| F|  |TAMS 0x00000000ac200000, 0x00000000ac200000| Untracked 
| 195|0x00000000ac300000, 0x00000000ac300000, 0x00000000ac400000|  0%| F|  |TAMS 0x00000000ac300000, 0x00000000ac300000| Untracked 
| 196|0x00000000ac400000, 0x00000000ac400000, 0x00000000ac500000|  0%| F|  |TAMS 0x00000000ac400000, 0x00000000ac400000| Untracked 
| 197|0x00000000ac500000, 0x00000000ac500000, 0x00000000ac600000|  0%| F|  |TAMS 0x00000000ac500000, 0x00000000ac500000| Untracked 
| 198|0x00000000ac600000, 0x00000000ac600000, 0x00000000ac700000|  0%| F|  |TAMS 0x00000000ac600000, 0x00000000ac600000| Untracked 
| 199|0x00000000ac700000, 0x00000000ac700000, 0x00000000ac800000|  0%| F|  |TAMS 0x00000000ac700000, 0x00000000ac700000| Untracked 
| 200|0x00000000ac800000, 0x00000000ac800000, 0x00000000ac900000|  0%| F|  |TAMS 0x00000000ac800000, 0x00000000ac800000| Untracked 
| 201|0x00000000ac900000, 0x00000000ac900000, 0x00000000aca00000|  0%| F|  |TAMS 0x00000000ac900000, 0x00000000ac900000| Untracked 
| 202|0x00000000aca00000, 0x00000000aca00000, 0x00000000acb00000|  0%| F|  |TAMS 0x00000000aca00000, 0x00000000aca00000| Untracked 
| 203|0x00000000acb00000, 0x00000000acb00000, 0x00000000acc00000|  0%| F|  |TAMS 0x00000000acb00000, 0x00000000acb00000| Untracked 
| 204|0x00000000acc00000, 0x00000000acc00000, 0x00000000acd00000|  0%| F|  |TAMS 0x00000000acc00000, 0x00000000acc00000| Untracked 
| 205|0x00000000acd00000, 0x00000000acd00000, 0x00000000ace00000|  0%| F|  |TAMS 0x00000000acd00000, 0x00000000acd00000| Untracked 
| 206|0x00000000ace00000, 0x00000000ace00000, 0x00000000acf00000|  0%| F|  |TAMS 0x00000000ace00000, 0x00000000ace00000| Untracked 
| 207|0x00000000acf00000, 0x00000000acf00000, 0x00000000ad000000|  0%| F|  |TAMS 0x00000000acf00000, 0x00000000acf00000| Untracked 
| 208|0x00000000ad000000, 0x00000000ad000000, 0x00000000ad100000|  0%| F|  |TAMS 0x00000000ad000000, 0x00000000ad000000| Untracked 
| 209|0x00000000ad100000, 0x00000000ad100000, 0x00000000ad200000|  0%| F|  |TAMS 0x00000000ad100000, 0x00000000ad100000| Untracked 
| 210|0x00000000ad200000, 0x00000000ad200000, 0x00000000ad300000|  0%| F|  |TAMS 0x00000000ad200000, 0x00000000ad200000| Untracked 
| 211|0x00000000ad300000, 0x00000000ad300000, 0x00000000ad400000|  0%| F|  |TAMS 0x00000000ad300000, 0x00000000ad300000| Untracked 
| 212|0x00000000ad400000, 0x00000000ad400000, 0x00000000ad500000|  0%| F|  |TAMS 0x00000000ad400000, 0x00000000ad400000| Untracked 
| 213|0x00000000ad500000, 0x00000000ad500000, 0x00000000ad600000|  0%| F|  |TAMS 0x00000000ad500000, 0x00000000ad500000| Untracked 
| 214|0x00000000ad600000, 0x00000000ad600000, 0x00000000ad700000|  0%| F|  |TAMS 0x00000000ad600000, 0x00000000ad600000| Untracked 
| 215|0x00000000ad700000, 0x00000000ad700000, 0x00000000ad800000|  0%| F|  |TAMS 0x00000000ad700000, 0x00000000ad700000| Untracked 
| 216|0x00000000ad800000, 0x00000000ad800000, 0x00000000ad900000|  0%| F|  |TAMS 0x00000000ad800000, 0x00000000ad800000| Untracked 
| 217|0x00000000ad900000, 0x00000000ad900000, 0x00000000ada00000|  0%| F|  |TAMS 0x00000000ad900000, 0x00000000ad900000| Untracked 
| 218|0x00000000ada00000, 0x00000000ada00000, 0x00000000adb00000|  0%| F|  |TAMS 0x00000000ada00000, 0x00000000ada00000| Untracked 
| 219|0x00000000adb00000, 0x00000000adb00000, 0x00000000adc00000|  0%| F|  |TAMS 0x00000000adb00000, 0x00000000adb00000| Untracked 
| 220|0x00000000adc00000, 0x00000000adc00000, 0x00000000add00000|  0%| F|  |TAMS 0x00000000adc00000, 0x00000000adc00000| Untracked 
| 221|0x00000000add00000, 0x00000000add00000, 0x00000000ade00000|  0%| F|  |TAMS 0x00000000add00000, 0x00000000add00000| Untracked 
| 222|0x00000000ade00000, 0x00000000ade00000, 0x00000000adf00000|  0%| F|  |TAMS 0x00000000ade00000, 0x00000000ade00000| Untracked 
| 223|0x00000000adf00000, 0x00000000adf00000, 0x00000000ae000000|  0%| F|  |TAMS 0x00000000adf00000, 0x00000000adf00000| Untracked 
| 224|0x00000000ae000000, 0x00000000ae000000, 0x00000000ae100000|  0%| F|  |TAMS 0x00000000ae000000, 0x00000000ae000000| Untracked 
| 225|0x00000000ae100000, 0x00000000ae100000, 0x00000000ae200000|  0%| F|  |TAMS 0x00000000ae100000, 0x00000000ae100000| Untracked 
| 226|0x00000000ae200000, 0x00000000ae200000, 0x00000000ae300000|  0%| F|  |TAMS 0x00000000ae200000, 0x00000000ae200000| Untracked 
| 227|0x00000000ae300000, 0x00000000ae300000, 0x00000000ae400000|  0%| F|  |TAMS 0x00000000ae300000, 0x00000000ae300000| Untracked 
| 228|0x00000000ae400000, 0x00000000ae400000, 0x00000000ae500000|  0%| F|  |TAMS 0x00000000ae400000, 0x00000000ae400000| Untracked 
| 229|0x00000000ae500000, 0x00000000ae500000, 0x00000000ae600000|  0%| F|  |TAMS 0x00000000ae500000, 0x00000000ae500000| Untracked 
| 230|0x00000000ae600000, 0x00000000ae600000, 0x00000000ae700000|  0%| F|  |TAMS 0x00000000ae600000, 0x00000000ae600000| Untracked 
| 231|0x00000000ae700000, 0x00000000ae700000, 0x00000000ae800000|  0%| F|  |TAMS 0x00000000ae700000, 0x00000000ae700000| Untracked 
| 232|0x00000000ae800000, 0x00000000ae800000, 0x00000000ae900000|  0%| F|  |TAMS 0x00000000ae800000, 0x00000000ae800000| Untracked 
| 233|0x00000000ae900000, 0x00000000ae900000, 0x00000000aea00000|  0%| F|  |TAMS 0x00000000ae900000, 0x00000000ae900000| Untracked 
| 234|0x00000000aea00000, 0x00000000aea00000, 0x00000000aeb00000|  0%| F|  |TAMS 0x00000000aea00000, 0x00000000aea00000| Untracked 
| 235|0x00000000aeb00000, 0x00000000aeb00000, 0x00000000aec00000|  0%| F|  |TAMS 0x00000000aeb00000, 0x00000000aeb00000| Untracked 
| 236|0x00000000aec00000, 0x00000000aec00000, 0x00000000aed00000|  0%| F|  |TAMS 0x00000000aec00000, 0x00000000aec00000| Untracked 
| 237|0x00000000aed00000, 0x00000000aed00000, 0x00000000aee00000|  0%| F|  |TAMS 0x00000000aed00000, 0x00000000aed00000| Untracked 
| 238|0x00000000aee00000, 0x00000000aee00000, 0x00000000aef00000|  0%| F|  |TAMS 0x00000000aee00000, 0x00000000aee00000| Untracked 
| 239|0x00000000aef00000, 0x00000000aef00000, 0x00000000af000000|  0%| F|  |TAMS 0x00000000aef00000, 0x00000000aef00000| Untracked 
| 240|0x00000000af000000, 0x00000000af000000, 0x00000000af100000|  0%| F|  |TAMS 0x00000000af000000, 0x00000000af000000| Untracked 
| 241|0x00000000af100000, 0x00000000af100000, 0x00000000af200000|  0%| F|  |TAMS 0x00000000af100000, 0x00000000af100000| Untracked 
| 242|0x00000000af200000, 0x00000000af200000, 0x00000000af300000|  0%| F|  |TAMS 0x00000000af200000, 0x00000000af200000| Untracked 
| 243|0x00000000af300000, 0x00000000af300000, 0x00000000af400000|  0%| F|  |TAMS 0x00000000af300000, 0x00000000af300000| Untracked 
| 244|0x00000000af400000, 0x00000000af400000, 0x00000000af500000|  0%| F|  |TAMS 0x00000000af400000, 0x00000000af400000| Untracked 
| 245|0x00000000af500000, 0x00000000af500000, 0x00000000af600000|  0%| F|  |TAMS 0x00000000af500000, 0x00000000af500000| Untracked 
| 246|0x00000000af600000, 0x00000000af600000, 0x00000000af700000|  0%| F|  |TAMS 0x00000000af600000, 0x00000000af600000| Untracked 
| 247|0x00000000af700000, 0x00000000af700000, 0x00000000af800000|  0%| F|  |TAMS 0x00000000af700000, 0x00000000af700000| Untracked 
| 248|0x00000000af800000, 0x00000000af800000, 0x00000000af900000|  0%| F|  |TAMS 0x00000000af800000, 0x00000000af800000| Untracked 
| 249|0x00000000af900000, 0x00000000af900000, 0x00000000afa00000|  0%| F|  |TAMS 0x00000000af900000, 0x00000000af900000| Untracked 
| 250|0x00000000afa00000, 0x00000000afa00000, 0x00000000afb00000|  0%| F|  |TAMS 0x00000000afa00000, 0x00000000afa00000| Untracked 
| 251|0x00000000afb00000, 0x00000000afb00000, 0x00000000afc00000|  0%| F|  |TAMS 0x00000000afb00000, 0x00000000afb00000| Untracked 
| 252|0x00000000afc00000, 0x00000000afc00000, 0x00000000afd00000|  0%| F|  |TAMS 0x00000000afc00000, 0x00000000afc00000| Untracked 
| 253|0x00000000afd00000, 0x00000000afd00000, 0x00000000afe00000|  0%| F|  |TAMS 0x00000000afd00000, 0x00000000afd00000| Untracked 
| 254|0x00000000afe00000, 0x00000000afe00000, 0x00000000aff00000|  0%| F|  |TAMS 0x00000000afe00000, 0x00000000afe00000| Untracked 
| 255|0x00000000aff00000, 0x00000000aff00000, 0x00000000b0000000|  0%| F|  |TAMS 0x00000000aff00000, 0x00000000aff00000| Untracked 
| 256|0x00000000b0000000, 0x00000000b0000000, 0x00000000b0100000|  0%| F|  |TAMS 0x00000000b0000000, 0x00000000b0000000| Untracked 
| 257|0x00000000b0100000, 0x00000000b0100000, 0x00000000b0200000|  0%| F|  |TAMS 0x00000000b0100000, 0x00000000b0100000| Untracked 
| 258|0x00000000b0200000, 0x00000000b0200000, 0x00000000b0300000|  0%| F|  |TAMS 0x00000000b0200000, 0x00000000b0200000| Untracked 
| 259|0x00000000b0300000, 0x00000000b0300000, 0x00000000b0400000|  0%| F|  |TAMS 0x00000000b0300000, 0x00000000b0300000| Untracked 
| 260|0x00000000b0400000, 0x00000000b0400000, 0x00000000b0500000|  0%| F|  |TAMS 0x00000000b0400000, 0x00000000b0400000| Untracked 
| 261|0x00000000b0500000, 0x00000000b0500000, 0x00000000b0600000|  0%| F|  |TAMS 0x00000000b0500000, 0x00000000b0500000| Untracked 
| 262|0x00000000b0600000, 0x00000000b0600000, 0x00000000b0700000|  0%| F|  |TAMS 0x00000000b0600000, 0x00000000b0600000| Untracked 
| 263|0x00000000b0700000, 0x00000000b0700000, 0x00000000b0800000|  0%| F|  |TAMS 0x00000000b0700000, 0x00000000b0700000| Untracked 
| 264|0x00000000b0800000, 0x00000000b0800000, 0x00000000b0900000|  0%| F|  |TAMS 0x00000000b0800000, 0x00000000b0800000| Untracked 
| 265|0x00000000b0900000, 0x00000000b0900000, 0x00000000b0a00000|  0%| F|  |TAMS 0x00000000b0900000, 0x00000000b0900000| Untracked 
| 266|0x00000000b0a00000, 0x00000000b0a00000, 0x00000000b0b00000|  0%| F|  |TAMS 0x00000000b0a00000, 0x00000000b0a00000| Untracked 
| 267|0x00000000b0b00000, 0x00000000b0b00000, 0x00000000b0c00000|  0%| F|  |TAMS 0x00000000b0b00000, 0x00000000b0b00000| Untracked 
| 268|0x00000000b0c00000, 0x00000000b0c00000, 0x00000000b0d00000|  0%| F|  |TAMS 0x00000000b0c00000, 0x00000000b0c00000| Untracked 
| 269|0x00000000b0d00000, 0x00000000b0d00000, 0x00000000b0e00000|  0%| F|  |TAMS 0x00000000b0d00000, 0x00000000b0d00000| Untracked 
| 270|0x00000000b0e00000, 0x00000000b0e00000, 0x00000000b0f00000|  0%| F|  |TAMS 0x00000000b0e00000, 0x00000000b0e00000| Untracked 
| 271|0x00000000b0f00000, 0x00000000b0f00000, 0x00000000b1000000|  0%| F|  |TAMS 0x00000000b0f00000, 0x00000000b0f00000| Untracked 
| 272|0x00000000b1000000, 0x00000000b1000000, 0x00000000b1100000|  0%| F|  |TAMS 0x00000000b1000000, 0x00000000b1000000| Untracked 
| 273|0x00000000b1100000, 0x00000000b1100000, 0x00000000b1200000|  0%| F|  |TAMS 0x00000000b1100000, 0x00000000b1100000| Untracked 
| 274|0x00000000b1200000, 0x00000000b1200000, 0x00000000b1300000|  0%| F|  |TAMS 0x00000000b1200000, 0x00000000b1200000| Untracked 
| 275|0x00000000b1300000, 0x00000000b1400000, 0x00000000b1400000|100%| E|  |TAMS 0x00000000b1300000, 0x00000000b1300000| Complete 
| 276|0x00000000b1400000, 0x00000000b1500000, 0x00000000b1500000|100%| E|CS|TAMS 0x00000000b1400000, 0x00000000b1400000| Complete 
| 277|0x00000000b1500000, 0x00000000b1600000, 0x00000000b1600000|100%| E|CS|TAMS 0x00000000b1500000, 0x00000000b1500000| Complete 
| 278|0x00000000b1600000, 0x00000000b1700000, 0x00000000b1700000|100%| E|CS|TAMS 0x00000000b1600000, 0x00000000b1600000| Complete 
| 279|0x00000000b1700000, 0x00000000b1800000, 0x00000000b1800000|100%| E|CS|TAMS 0x00000000b1700000, 0x00000000b1700000| Complete 
| 280|0x00000000b1800000, 0x00000000b1900000, 0x00000000b1900000|100%| E|CS|TAMS 0x00000000b1800000, 0x00000000b1800000| Complete 
| 281|0x00000000b1900000, 0x00000000b1a00000, 0x00000000b1a00000|100%| E|CS|TAMS 0x00000000b1900000, 0x00000000b1900000| Complete 
| 282|0x00000000b1a00000, 0x00000000b1b00000, 0x00000000b1b00000|100%| E|CS|TAMS 0x00000000b1a00000, 0x00000000b1a00000| Complete 
| 283|0x00000000b1b00000, 0x00000000b1c00000, 0x00000000b1c00000|100%| E|CS|TAMS 0x00000000b1b00000, 0x00000000b1b00000| Complete 
| 284|0x00000000b1c00000, 0x00000000b1d00000, 0x00000000b1d00000|100%| E|CS|TAMS 0x00000000b1c00000, 0x00000000b1c00000| Complete 
| 285|0x00000000b1d00000, 0x00000000b1e00000, 0x00000000b1e00000|100%| E|CS|TAMS 0x00000000b1d00000, 0x00000000b1d00000| Complete 
| 286|0x00000000b1e00000, 0x00000000b1f00000, 0x00000000b1f00000|100%| E|CS|TAMS 0x00000000b1e00000, 0x00000000b1e00000| Complete 
| 287|0x00000000b1f00000, 0x00000000b2000000, 0x00000000b2000000|100%| E|CS|TAMS 0x00000000b1f00000, 0x00000000b1f00000| Complete 
| 288|0x00000000b2000000, 0x00000000b2100000, 0x00000000b2100000|100%| E|CS|TAMS 0x00000000b2000000, 0x00000000b2000000| Complete 
| 289|0x00000000b2100000, 0x00000000b2200000, 0x00000000b2200000|100%| E|CS|TAMS 0x00000000b2100000, 0x00000000b2100000| Complete 
| 290|0x00000000b2200000, 0x00000000b2300000, 0x00000000b2300000|100%| E|CS|TAMS 0x00000000b2200000, 0x00000000b2200000| Complete 
| 291|0x00000000b2300000, 0x00000000b2400000, 0x00000000b2400000|100%| E|CS|TAMS 0x00000000b2300000, 0x00000000b2300000| Complete 
| 292|0x00000000b2400000, 0x00000000b2500000, 0x00000000b2500000|100%| E|CS|TAMS 0x00000000b2400000, 0x00000000b2400000| Complete 
| 293|0x00000000b2500000, 0x00000000b2600000, 0x00000000b2600000|100%| E|CS|TAMS 0x00000000b2500000, 0x00000000b2500000| Complete 

Card table byte_map: [0x000001dbeaae0000,0x000001dbeade0000] _byte_map_base: 0x000001dbea5e0000

Marking Bits (Prev, Next): (CMBitMap*) 0x000001dbd55888d0, (CMBitMap*) 0x000001dbd5588898
 Prev Bits: [0x000001dbec8e0000, 0x000001dbee0e0000)
 Next Bits: [0x000001dbeb0e0000, 0x000001dbec8e0000)

Polling page: 0x000001dbd5630000

Metaspace:

Usage:
  Non-class:     84.48 MB capacity,    82.98 MB ( 98%) used,     1.30 MB (  2%) free+waste,   209.06 KB ( <1%) overhead. 
      Class:     12.41 MB capacity,    11.75 MB ( 95%) used,   583.16 KB (  5%) free+waste,    90.44 KB ( <1%) overhead. 
       Both:     96.89 MB capacity,    94.73 MB ( 98%) used,     1.87 MB (  2%) free+waste,   299.50 KB ( <1%) overhead. 

Virtual space:
  Non-class space:       86.00 MB reserved,      85.00 MB ( 99%) committed 
      Class space:        1.00 GB reserved,      12.75 MB (  1%) committed 
             Both:        1.08 GB reserved,      97.75 MB (  9%) committed 

Chunk freelists:
   Non-Class:  401.00 KB
       Class:  287.00 KB
        Both:  688.00 KB

MaxMetaspaceSize: 17179869184.00 GB
CompressedClassSpaceSize: 1.00 GB

CodeHeap 'non-profiled nmethods': size=119168Kb used=7360Kb max_used=7360Kb free=111807Kb
 bounds [0x000001dbe23b0000, 0x000001dbe2af0000, 0x000001dbe9810000]
CodeHeap 'profiled nmethods': size=119168Kb used=34413Kb max_used=34413Kb free=84754Kb
 bounds [0x000001dbdaf50000, 0x000001dbdd0f0000, 0x000001dbe23b0000]
CodeHeap 'non-nmethods': size=7424Kb used=2302Kb max_used=3440Kb free=5121Kb
 bounds [0x000001dbda810000, 0x000001dbdac00000, 0x000001dbdaf50000]
 total_blobs=15635 nmethods=14725 adapters=821
 compilation: enabled
              stopped_count=0, restarted_count=0
 full_count=0

Compilation events (20 events):
Event: 119.771 Thread 0x000001dbf1133800 15217       1       org.gradle.api.internal.artifacts.transform.DefaultTransformerInvoker$TransformerExecution::getIdentity (5 bytes)
Event: 119.771 Thread 0x000001dbf1133800 nmethod 15217 0x000001dbe2adb210 code [0x000001dbe2adb3c0, 0x000001dbe2adb478]
Event: 119.783 Thread 0x000001dbf1133800 15223       2       org.objectweb.asm.ByteVector::putLong (145 bytes)
Event: 119.783 Thread 0x000001dbf1133800 nmethod 15223 0x000001dbdd0d0410 code [0x000001dbdd0d05e0, 0x000001dbdd0d0888]
Event: 119.813 Thread 0x000001dbf1133800 15230       2       java.util.stream.StreamSpliterators$AbstractWrappingSpliterator::fillBuffer (64 bytes)
Event: 119.813 Thread 0x000001dbf1133800 nmethod 15230 0x000001dbdd0d0a90 code [0x000001dbdd0d0c80, 0x000001dbdd0d0f88]
Event: 119.813 Thread 0x000001dbf1133800 15231       2       org.apache.commons.lang.StringUtils::split (8 bytes)
Event: 119.813 Thread 0x000001dbf1133800 nmethod 15231 0x000001dbdd0d1110 code [0x000001dbdd0d12c0, 0x000001dbdd0d13c8]
Event: 119.815 Thread 0x000001dbf1af8800 nmethod 15125 0x000001dbe2adb510 code [0x000001dbe2adb820, 0x000001dbe2adeae8]
Event: 119.815 Thread 0x000001dbf1af8800 15227       4       org.objectweb.asm.commons.Remapper::mapType (123 bytes)
Event: 119.821 Thread 0x000001dbf1133800 15232       2       org.gradle.api.internal.changedetection.state.DefaultResourceSnapshotterCacheService::resourceHashCacheKey (25 bytes)
Event: 119.822 Thread 0x000001dbf1133800 nmethod 15232 0x000001dbdd0d1490 code [0x000001dbdd0d1720, 0x000001dbdd0d1f18]
Event: 119.873 Thread 0x000001dbf1133800 15238       2       org.jetbrains.kotlin.incremental.IncrementalJvmCompilerRunnerKt$classpathAsList$2::invoke (9 bytes)
Event: 119.873 Thread 0x000001dbf1133800 nmethod 15238 0x000001dbdd0d2590 code [0x000001dbdd0d2760, 0x000001dbdd0d28f8]
Event: 119.873 Thread 0x000001dbf1133800 15239       2       org.jetbrains.kotlin.incremental.IncrementalJvmCompilerRunnerKt$classpathAsList$2::invoke (20 bytes)
Event: 119.873 Thread 0x000001dbf1133800 nmethod 15239 0x000001dbdd0d2a10 code [0x000001dbdd0d2be0, 0x000001dbdd0d2d38]
Event: 119.873 Thread 0x000001dbf1133800 15240       2       kotlin.reflect.jvm.internal.KCallableImpl::getVisibility (19 bytes)
Event: 119.873 Thread 0x000001dbf1133800 nmethod 15240 0x000001dbdd0d2e90 code [0x000001dbdd0d3060, 0x000001dbdd0d31f8]
Event: 119.873 Thread 0x000001dbf1133800 15241       2       kotlin.reflect.jvm.internal.UtilKt::toKVisibility (87 bytes)
Event: 119.874 Thread 0x000001dbf1133800 nmethod 15241 0x000001dbdd0d3310 code [0x000001dbdd0d34e0, 0x000001dbdd0d37e8]

GC Heap History (20 events):
Event: 117.824 GC heap before
{Heap before GC invocations=76 (full 0):
 garbage-first heap   total 150528K, used 125285K [0x00000000a0000000, 0x0000000100000000)
  region size 1024K, 20 young (20480K), 1 survivors (1024K)
 Metaspace       used 92174K, capacity 94359K, committed 95232K, reserved 1132544K
  class space    used 11444K, capacity 12130K, committed 12544K, reserved 1048576K
}
Event: 117.825 GC heap after
{Heap after GC invocations=77 (full 0):
 garbage-first heap   total 150528K, used 108100K [0x00000000a0000000, 0x0000000100000000)
  region size 1024K, 2 young (2048K), 2 survivors (2048K)
 Metaspace       used 92174K, capacity 94359K, committed 95232K, reserved 1132544K
  class space    used 11444K, capacity 12130K, committed 12544K, reserved 1048576K
}
Event: 117.848 GC heap before
{Heap before GC invocations=77 (full 0):
 garbage-first heap   total 150528K, used 127556K [0x00000000a0000000, 0x0000000100000000)
  region size 1024K, 21 young (21504K), 2 survivors (2048K)
 Metaspace       used 92178K, capacity 94359K, committed 95232K, reserved 1132544K
  class space    used 11444K, capacity 12130K, committed 12544K, reserved 1048576K
}
Event: 117.849 GC heap after
{Heap after GC invocations=78 (full 0):
 garbage-first heap   total 150528K, used 108922K [0x00000000a0000000, 0x0000000100000000)
  region size 1024K, 3 young (3072K), 3 survivors (3072K)
 Metaspace       used 92178K, capacity 94359K, committed 95232K, reserved 1132544K
  class space    used 11444K, capacity 12130K, committed 12544K, reserved 1048576K
}
Event: 117.888 GC heap before
{Heap before GC invocations=78 (full 0):
 garbage-first heap   total 150528K, used 127354K [0x00000000a0000000, 0x0000000100000000)
  region size 1024K, 21 young (21504K), 3 survivors (3072K)
 Metaspace       used 92160K, capacity 94323K, committed 95232K, reserved 1132544K
  class space    used 11440K, capacity 12124K, committed 12544K, reserved 1048576K
}
Event: 117.889 GC heap after
{Heap after GC invocations=79 (full 0):
 garbage-first heap   total 150528K, used 109697K [0x00000000a0000000, 0x0000000100000000)
  region size 1024K, 2 young (2048K), 2 survivors (2048K)
 Metaspace       used 92160K, capacity 94323K, committed 95232K, reserved 1132544K
  class space    used 11440K, capacity 12124K, committed 12544K, reserved 1048576K
}
Event: 117.912 GC heap before
{Heap before GC invocations=80 (full 0):
 garbage-first heap   total 150528K, used 128129K [0x00000000a0000000, 0x0000000100000000)
  region size 1024K, 20 young (20480K), 2 survivors (2048K)
 Metaspace       used 92161K, capacity 94323K, committed 95232K, reserved 1132544K
  class space    used 11440K, capacity 12124K, committed 12544K, reserved 1048576K
}
Event: 117.914 GC heap after
{Heap after GC invocations=81 (full 0):
 garbage-first heap   total 150528K, used 110980K [0x00000000a0000000, 0x0000000100000000)
  region size 1024K, 3 young (3072K), 3 survivors (3072K)
 Metaspace       used 92161K, capacity 94323K, committed 95232K, reserved 1132544K
  class space    used 11440K, capacity 12124K, committed 12544K, reserved 1048576K
}
Event: 117.918 GC heap before
{Heap before GC invocations=81 (full 0):
 garbage-first heap   total 150528K, used 115076K [0x00000000a0000000, 0x0000000100000000)
  region size 1024K, 7 young (7168K), 3 survivors (3072K)
 Metaspace       used 92162K, capacity 94323K, committed 95232K, reserved 1132544K
  class space    used 11440K, capacity 12124K, committed 12544K, reserved 1048576K
}
Event: 117.930 GC heap after
{Heap after GC invocations=82 (full 0):
 garbage-first heap   total 150528K, used 107423K [0x00000000a0000000, 0x0000000100000000)
  region size 1024K, 1 young (1024K), 1 survivors (1024K)
 Metaspace       used 92162K, capacity 94323K, committed 95232K, reserved 1132544K
  class space    used 11440K, capacity 12124K, committed 12544K, reserved 1048576K
}
Event: 117.953 GC heap before
{Heap before GC invocations=82 (full 0):
 garbage-first heap   total 150528K, used 126879K [0x00000000a0000000, 0x0000000100000000)
  region size 1024K, 20 young (20480K), 1 survivors (1024K)
 Metaspace       used 92162K, capacity 94323K, committed 95232K, reserved 1132544K
  class space    used 11440K, capacity 12124K, committed 12544K, reserved 1048576K
}
Event: 117.955 GC heap after
{Heap after GC invocations=83 (full 0):
 garbage-first heap   total 150528K, used 108505K [0x00000000a0000000, 0x0000000100000000)
  region size 1024K, 2 young (2048K), 2 survivors (2048K)
 Metaspace       used 92162K, capacity 94323K, committed 95232K, reserved 1132544K
  class space    used 11440K, capacity 12124K, committed 12544K, reserved 1048576K
}
Event: 117.980 GC heap before
{Heap before GC invocations=83 (full 0):
 garbage-first heap   total 150528K, used 126937K [0x00000000a0000000, 0x0000000100000000)
  region size 1024K, 21 young (21504K), 2 survivors (2048K)
 Metaspace       used 92163K, capacity 94323K, committed 95232K, reserved 1132544K
  class space    used 11440K, capacity 12124K, committed 12544K, reserved 1048576K
}
Event: 117.982 GC heap after
{Heap after GC invocations=84 (full 0):
 garbage-first heap   total 150528K, used 110090K [0x00000000a0000000, 0x0000000100000000)
  region size 1024K, 3 young (3072K), 3 survivors (3072K)
 Metaspace       used 92163K, capacity 94323K, committed 95232K, reserved 1132544K
  class space    used 11440K, capacity 12124K, committed 12544K, reserved 1048576K
}
Event: 118.014 GC heap before
{Heap before GC invocations=84 (full 0):
 garbage-first heap   total 150528K, used 129546K [0x00000000a0000000, 0x0000000100000000)
  region size 1024K, 21 young (21504K), 3 survivors (3072K)
 Metaspace       used 92164K, capacity 94323K, committed 95232K, reserved 1132544K
  class space    used 11440K, capacity 12124K, committed 12544K, reserved 1048576K
}
Event: 118.021 GC heap after
{Heap after GC invocations=85 (full 0):
 garbage-first heap   total 301056K, used 112446K [0x00000000a0000000, 0x0000000100000000)
  region size 1024K, 2 young (2048K), 2 survivors (2048K)
 Metaspace       used 92164K, capacity 94323K, committed 95232K, reserved 1132544K
  class space    used 11440K, capacity 12124K, committed 12544K, reserved 1048576K
}
Event: 118.159 GC heap before
{Heap before GC invocations=86 (full 0):
 garbage-first heap   total 301056K, used 194366K [0x00000000a0000000, 0x0000000100000000)
  region size 1024K, 82 young (83968K), 2 survivors (2048K)
 Metaspace       used 92173K, capacity 94387K, committed 95488K, reserved 1132544K
  class space    used 11440K, capacity 12124K, committed 12544K, reserved 1048576K
}
Event: 118.161 GC heap after
{Heap after GC invocations=87 (full 0):
 garbage-first heap   total 301056K, used 114352K [0x00000000a0000000, 0x0000000100000000)
  region size 1024K, 4 young (4096K), 4 survivors (4096K)
 Metaspace       used 92173K, capacity 94387K, committed 95488K, reserved 1132544K
  class space    used 11440K, capacity 12124K, committed 12544K, reserved 1048576K
}
Event: 119.787 GC heap before
{Heap before GC invocations=87 (full 0):
 garbage-first heap   total 301056K, used 222896K [0x00000000a0000000, 0x0000000100000000)
  region size 1024K, 111 young (113664K), 4 survivors (4096K)
 Metaspace       used 96751K, capacity 98992K, committed 99840K, reserved 1136640K
  class space    used 12001K, capacity 12676K, committed 13056K, reserved 1048576K
}
Event: 119.794 GC heap after
{Heap after GC invocations=88 (full 0):
 garbage-first heap   total 301056K, used 119824K [0x00000000a0000000, 0x0000000100000000)
  region size 1024K, 9 young (9216K), 9 survivors (9216K)
 Metaspace       used 96751K, capacity 98992K, committed 99840K, reserved 1136640K
  class space    used 12001K, capacity 12676K, committed 13056K, reserved 1048576K
}

Deoptimization events (20 events):
Event: 118.691 Thread 0x000001dbf3b1b000 DEOPT PACKING pc=0x000001dbe29eb1bc sp=0x0000008f1d8f8250
Event: 118.691 Thread 0x000001dbf3b1b000 DEOPT UNPACKING pc=0x000001dbda8378af sp=0x0000008f1d8f8178 mode 2
Event: 119.030 Thread 0x000001dbf3b1b000 Uncommon trap: trap_request=0xffffff4d fr.pc=0x000001dbe2924ffc relative=0x000000000000063c
Event: 119.030 Thread 0x000001dbf3b1b000 Uncommon trap: reason=unstable_if action=reinterpret pc=0x000001dbe2924ffc method=java.lang.String.indexOf([BBILjava/lang/String;I)I @ 54 c2
Event: 119.030 Thread 0x000001dbf3b1b000 DEOPT PACKING pc=0x000001dbe2924ffc sp=0x0000008f1d8f7050
Event: 119.030 Thread 0x000001dbf3b1b000 DEOPT UNPACKING pc=0x000001dbda8378af sp=0x0000008f1d8f6ec0 mode 2
Event: 119.031 Thread 0x000001dbf3b1b000 Uncommon trap: trap_request=0xffffff4d fr.pc=0x000001dbe269c8bc relative=0x00000000000005fc
Event: 119.031 Thread 0x000001dbf3b1b000 Uncommon trap: reason=unstable_if action=reinterpret pc=0x000001dbe269c8bc method=java.lang.String.indexOf([BBILjava/lang/String;I)I @ 54 c2
Event: 119.031 Thread 0x000001dbf3b1b000 DEOPT PACKING pc=0x000001dbe269c8bc sp=0x0000008f1d8f7640
Event: 119.031 Thread 0x000001dbf3b1b000 DEOPT UNPACKING pc=0x000001dbda8378af sp=0x0000008f1d8f75a8 mode 2
Event: 119.760 Thread 0x000001dbf3b1b000 Uncommon trap: trap_request=0xffffff4d fr.pc=0x000001dbe2a5b2d4 relative=0x0000000000005654
Event: 119.760 Thread 0x000001dbf3b1b000 Uncommon trap: reason=unstable_if action=reinterpret pc=0x000001dbe2a5b2d4 method=org.objectweb.asm.Type.getDimensions()I @ 17 c2
Event: 119.760 Thread 0x000001dbf3b1b000 DEOPT PACKING pc=0x000001dbe2a5b2d4 sp=0x0000008f1d8f4f00
Event: 119.760 Thread 0x000001dbf3b1b000 DEOPT UNPACKING pc=0x000001dbda8378af sp=0x0000008f1d8f4e88 mode 2
Event: 119.766 Thread 0x000001dbf3b1b000 DEOPT PACKING pc=0x000001dbdc805ca3 sp=0x0000008f1d8f55c0
Event: 119.766 Thread 0x000001dbf3b1b000 DEOPT UNPACKING pc=0x000001dbda8376ce sp=0x0000008f1d8f4ae0 mode 0
Event: 119.782 Thread 0x000001dbf3b1b000 DEOPT PACKING pc=0x000001dbdc805ca3 sp=0x0000008f1d8f55c0
Event: 119.782 Thread 0x000001dbf3b1b000 DEOPT UNPACKING pc=0x000001dbda8376ce sp=0x0000008f1d8f4ae0 mode 0
Event: 119.800 Thread 0x000001dbf3b1b000 DEOPT PACKING pc=0x000001dbdc805ca3 sp=0x0000008f1d8f55c0
Event: 119.800 Thread 0x000001dbf3b1b000 DEOPT UNPACKING pc=0x000001dbda8376ce sp=0x0000008f1d8f4ae0 mode 0

Classes redefined (0 events):
No events

Internal exceptions (20 events):
Event: 117.609 Thread 0x000001dbf4892000 Exception <a 'sun/nio/fs/WindowsException'{0x00000000a7ed0460}> (0x00000000a7ed0460) thrown at [./src/hotspot/share/prims/jni.cpp, line 615]
Event: 117.612 Thread 0x000001dbf488f000 Implicit null exception at 0x000001dbe2587834 to 0x000001dbe25878ae
Event: 117.618 Thread 0x000001dbf4896000 Exception <a 'sun/nio/fs/WindowsException'{0x00000000a7cd6280}> (0x00000000a7cd6280) thrown at [./src/hotspot/share/prims/jni.cpp, line 615]
Event: 117.626 Thread 0x000001dbf4894800 Exception <a 'sun/nio/fs/WindowsException'{0x00000000a7b71e18}> (0x00000000a7b71e18) thrown at [./src/hotspot/share/prims/jni.cpp, line 615]
Event: 117.627 Thread 0x000001dbf488e000 Exception <a 'sun/nio/fs/WindowsException'{0x00000000a7bdcf78}> (0x00000000a7bdcf78) thrown at [./src/hotspot/share/prims/jni.cpp, line 615]
Event: 117.629 Thread 0x000001dbf4890800 Exception <a 'sun/nio/fs/WindowsException'{0x00000000a7b536f8}> (0x00000000a7b536f8) thrown at [./src/hotspot/share/prims/jni.cpp, line 615]
Event: 117.636 Thread 0x000001dbf4895800 Exception <a 'sun/nio/fs/WindowsException'{0x00000000a788c808}> (0x00000000a788c808) thrown at [./src/hotspot/share/prims/jni.cpp, line 615]
Event: 117.653 Thread 0x000001dbf4898800 Exception <a 'sun/nio/fs/WindowsException'{0x00000000a8f47b68}> (0x00000000a8f47b68) thrown at [./src/hotspot/share/prims/jni.cpp, line 615]
Event: 117.667 Thread 0x000001dbf489a000 Exception <a 'sun/nio/fs/WindowsException'{0x00000000a8815b18}> (0x00000000a8815b18) thrown at [./src/hotspot/share/prims/jni.cpp, line 615]
Event: 117.669 Thread 0x000001dbf488d000 Exception <a 'sun/nio/fs/WindowsException'{0x00000000a8910280}> (0x00000000a8910280) thrown at [./src/hotspot/share/prims/jni.cpp, line 615]
Event: 117.674 Thread 0x000001dbf4890800 Exception <a 'sun/nio/fs/WindowsException'{0x00000000a86ba9b8}> (0x00000000a86ba9b8) thrown at [./src/hotspot/share/prims/jni.cpp, line 615]
Event: 117.696 Thread 0x000001dbf4899800 Exception <a 'sun/nio/fs/WindowsException'{0x00000000a91ed980}> (0x00000000a91ed980) thrown at [./src/hotspot/share/prims/jni.cpp, line 615]
Event: 117.755 Thread 0x000001dbf4897000 Exception <a 'sun/nio/fs/WindowsException'{0x00000000a8ea4238}> (0x00000000a8ea4238) thrown at [./src/hotspot/share/prims/jni.cpp, line 615]
Event: 118.057 Thread 0x000001dbf4896000 Exception <a 'sun/nio/fs/WindowsException'{0x00000000b0b8b1b0}> (0x00000000b0b8b1b0) thrown at [./src/hotspot/share/prims/jni.cpp, line 615]
Event: 118.196 Thread 0x000001dbf4892000 Exception <a 'sun/nio/fs/WindowsException'{0x00000000b112cc70}> (0x00000000b112cc70) thrown at [./src/hotspot/share/prims/jni.cpp, line 615]
Event: 119.692 Thread 0x000001dbf4893000 Exception <a 'sun/nio/fs/WindowsException'{0x00000000ad1c9ee8}> (0x00000000ad1c9ee8) thrown at [./src/hotspot/share/prims/jni.cpp, line 615]
Event: 119.723 Thread 0x000001dbf4896000 Exception <a 'sun/nio/fs/WindowsException'{0x00000000ad14d108}> (0x00000000ad14d108) thrown at [./src/hotspot/share/prims/jni.cpp, line 615]
Event: 119.723 Thread 0x000001dbf4899800 Exception <a 'sun/nio/fs/WindowsException'{0x00000000acd75738}> (0x00000000acd75738) thrown at [./src/hotspot/share/prims/jni.cpp, line 615]
Event: 119.724 Thread 0x000001dbf4895800 Exception <a 'sun/nio/fs/WindowsException'{0x00000000acdc28d0}> (0x00000000acdc28d0) thrown at [./src/hotspot/share/prims/jni.cpp, line 615]
Event: 119.808 Thread 0x000001dbf3b1b000 Exception <a 'sun/nio/fs/WindowsException'{0x00000000b1d6d200}> (0x00000000b1d6d200) thrown at [./src/hotspot/share/prims/jni.cpp, line 615]

Events (20 events):
Event: 119.218 loading class org/jetbrains/kotlin/gradle/plugin/KotlinSourceSet$Companion done
Event: 119.220 loading class com/android/build/gradle/internal/dependency/ArtifactCollectionWithExtraArtifact$TestedComponentIdentifierImpl
Event: 119.220 loading class com/android/build/gradle/internal/dependency/ArtifactCollectionWithExtraArtifact$TestedComponentIdentifierImpl done
Event: 119.220 loading class com/android/build/gradle/internal/dependency/ArtifactCollectionWithExtraArtifact$ExtraResolvedArtifactResult
Event: 119.220 loading class com/android/build/gradle/internal/dependency/ArtifactCollectionWithExtraArtifact$ExtraResolvedArtifactResult done
Event: 119.220 Executing VM operation: Deoptimize
Event: 119.222 Executing VM operation: Deoptimize done
Event: 119.787 Executing VM operation: G1CollectForAllocation
Event: 119.794 Executing VM operation: G1CollectForAllocation done
Event: 119.852 Executing VM operation: CGC_Operation
Event: 119.858 Executing VM operation: CGC_Operation done
Event: 119.876 loading class org/jetbrains/kotlin/gradle/KotlinGradleModelImpl
Event: 119.876 loading class org/jetbrains/kotlin/gradle/KotlinGradleModelImpl done
Event: 119.877 loading class org/jetbrains/kotlin/gradle/KotlinTaskProperties
Event: 119.877 loading class org/jetbrains/kotlin/gradle/KotlinTaskProperties done
Event: 119.880 loading class org/jetbrains/kotlin/gradle/ArgsInfo
Event: 119.880 loading class org/jetbrains/kotlin/gradle/ArgsInfo done
Event: 119.882 loading class com/android/tools/idea/gradle/project/sync/AndroidExtraModelProviderWorker$findKaptGradleModelForAndroidProject$1
Event: 119.882 loading class com/android/tools/idea/gradle/project/sync/AndroidExtraModelProviderWorker$findKaptGradleModelForAndroidProject$1 done
Event: 119.883 Executing VM operation: CGC_Operation


Dynamic libraries:
0x00007ff6a4f20000 - 0x00007ff6a4f2a000 	C:\Program Files\Android\Android Studio\jre\bin\java.exe
0x00007ffea60e0000 - 0x00007ffea62e7000 	C:\WINDOWS\SYSTEM32\ntdll.dll
0x00007ffea5000000 - 0x00007ffea50bd000 	C:\WINDOWS\System32\KERNEL32.DLL
0x00007ffea3690000 - 0x00007ffea3a04000 	C:\WINDOWS\System32\KERNELBASE.dll
0x00007ffea3ad0000 - 0x00007ffea3be1000 	C:\WINDOWS\System32\ucrtbase.dll
0x00007ffe3d010000 - 0x00007ffe3d029000 	C:\Program Files\Android\Android Studio\jre\bin\jli.dll
0x00007ffe3cfa0000 - 0x00007ffe3cfb7000 	C:\Program Files\Android\Android Studio\jre\bin\VCRUNTIME140.dll
0x00007ffea4d90000 - 0x00007ffea4f3c000 	C:\WINDOWS\System32\USER32.dll
0x00007ffea35c0000 - 0x00007ffea35e6000 	C:\WINDOWS\System32\win32u.dll
0x00007ffea51f0000 - 0x00007ffea5219000 	C:\WINDOWS\System32\GDI32.dll
0x00007ffe781f0000 - 0x00007ffe78495000 	C:\WINDOWS\WinSxS\amd64_microsoft.windows.common-controls_6595b64144ccf1df_6.0.22000.120_none_9d947278b86cc467\COMCTL32.dll
0x00007ffea3d60000 - 0x00007ffea3e72000 	C:\WINDOWS\System32\gdi32full.dll
0x00007ffea35f0000 - 0x00007ffea368d000 	C:\WINDOWS\System32\msvcp_win.dll
0x00007ffea4f40000 - 0x00007ffea4fe3000 	C:\WINDOWS\System32\msvcrt.dll
0x00007ffea5280000 - 0x00007ffea52b1000 	C:\WINDOWS\System32\IMM32.DLL
0x00007ffe37ce0000 - 0x00007ffe37d7d000 	C:\Program Files\Android\Android Studio\jre\bin\msvcp140.dll
0x00007ffe18560000 - 0x00007ffe1902f000 	C:\Program Files\Android\Android Studio\jre\bin\server\jvm.dll
0x00007ffea4720000 - 0x00007ffea47cc000 	C:\WINDOWS\System32\ADVAPI32.dll
0x00007ffea3f70000 - 0x00007ffea400d000 	C:\WINDOWS\System32\sechost.dll
0x00007ffea4100000 - 0x00007ffea4221000 	C:\WINDOWS\System32\RPCRT4.dll
0x00007ffea51e0000 - 0x00007ffea51e8000 	C:\WINDOWS\System32\PSAPI.DLL
0x00007ffe60220000 - 0x00007ffe60229000 	C:\WINDOWS\SYSTEM32\WSOCK32.dll
0x00007ffe9d900000 - 0x00007ffe9d933000 	C:\WINDOWS\SYSTEM32\WINMM.dll
0x00007ffe9d170000 - 0x00007ffe9d17a000 	C:\WINDOWS\SYSTEM32\VERSION.dll
0x00007ffea47d0000 - 0x00007ffea483f000 	C:\WINDOWS\System32\WS2_32.dll
0x00007ffea27d0000 - 0x00007ffea27e8000 	C:\WINDOWS\SYSTEM32\kernel.appcore.dll
0x00007ffe92820000 - 0x00007ffe92831000 	C:\Program Files\Android\Android Studio\jre\bin\verify.dll
0x00007ffe8ea40000 - 0x00007ffe8ec61000 	C:\WINDOWS\SYSTEM32\DBGHELP.DLL
0x00007ffe84720000 - 0x00007ffe84751000 	C:\WINDOWS\SYSTEM32\dbgcore.DLL
0x00007ffea3e80000 - 0x00007ffea3f00000 	C:\WINDOWS\System32\bcryptPrimitives.dll
0x00007ffe3e520000 - 0x00007ffe3e549000 	C:\Program Files\Android\Android Studio\jre\bin\java.dll
0x00007ffe9e360000 - 0x00007ffe9e36b000 	C:\Program Files\Android\Android Studio\jre\bin\jimage.dll
0x00007ffe3e500000 - 0x00007ffe3e518000 	C:\Program Files\Android\Android Studio\jre\bin\zip.dll
0x00007ffea58f0000 - 0x00007ffea609a000 	C:\WINDOWS\System32\SHELL32.dll
0x00007ffea1770000 - 0x00007ffea1fd2000 	C:\WINDOWS\SYSTEM32\windows.storage.dll
0x00007ffea5510000 - 0x00007ffea5888000 	C:\WINDOWS\System32\combase.dll
0x00007ffea1600000 - 0x00007ffea1766000 	C:\WINDOWS\SYSTEM32\wintypes.dll
0x00007ffea4010000 - 0x00007ffea40fa000 	C:\WINDOWS\System32\SHCORE.dll
0x00007ffea5220000 - 0x00007ffea527d000 	C:\WINDOWS\System32\shlwapi.dll
0x00007ffea34f0000 - 0x00007ffea3511000 	C:\WINDOWS\SYSTEM32\profapi.dll
0x00007ffe3e4e0000 - 0x00007ffe3e4fa000 	C:\Program Files\Android\Android Studio\jre\bin\net.dll
0x00007ffe9d520000 - 0x00007ffe9d62c000 	C:\WINDOWS\SYSTEM32\WINHTTP.dll
0x00007ffea2be0000 - 0x00007ffea2c47000 	C:\WINDOWS\system32\mswsock.dll
0x00007ffe3e4c0000 - 0x00007ffe3e4d4000 	C:\Program Files\Android\Android Studio\jre\bin\nio.dll
0x00007ffe55c00000 - 0x00007ffe55c26000 	C:\Users\omarch\.gradle\native\30\windows-amd64\native-platform.dll
0x00007ffe94030000 - 0x00007ffe9403a000 	C:\Program Files\Android\Android Studio\jre\bin\management.dll
0x00007ffe92700000 - 0x00007ffe9270c000 	C:\Program Files\Android\Android Studio\jre\bin\management_ext.dll
0x00007ffea2e20000 - 0x00007ffea2e38000 	C:\WINDOWS\SYSTEM32\CRYPTSP.dll
0x00007ffea2730000 - 0x00007ffea2765000 	C:\WINDOWS\system32\rsaenh.dll
0x00007ffea2cd0000 - 0x00007ffea2cf9000 	C:\WINDOWS\SYSTEM32\USERENV.dll
0x00007ffea2fa0000 - 0x00007ffea2fc7000 	C:\WINDOWS\SYSTEM32\bcrypt.dll
0x00007ffea2e40000 - 0x00007ffea2e4c000 	C:\WINDOWS\SYSTEM32\CRYPTBASE.dll
0x00007ffea2310000 - 0x00007ffea233d000 	C:\WINDOWS\SYSTEM32\IPHLPAPI.DLL
0x00007ffea5140000 - 0x00007ffea5149000 	C:\WINDOWS\System32\NSI.dll
0x00007ffe9d800000 - 0x00007ffe9d819000 	C:\WINDOWS\SYSTEM32\dhcpcsvc6.DLL
0x00007ffe9d9f0000 - 0x00007ffe9da0e000 	C:\WINDOWS\SYSTEM32\dhcpcsvc.DLL
0x00007ffea2340000 - 0x00007ffea2427000 	C:\WINDOWS\SYSTEM32\DNSAPI.dll
0x00007ffe3e390000 - 0x00007ffe3e3b7000 	C:\Program Files\Android\Android Studio\jre\bin\sunec.dll
0x00007ffe87970000 - 0x00007ffe8797a000 	C:\Windows\System32\rasadhlp.dll
0x00007ffe9af70000 - 0x00007ffe9aff1000 	C:\WINDOWS\System32\fwpuclnt.dll
0x00007ffea0f90000 - 0x00007ffea0fc4000 	C:\WINDOWS\SYSTEM32\ntmarta.dll

dbghelp: loaded successfully - version: 4.0.5 - missing functions: none
symbol engine: initialized successfully - sym options: 0x614 - pdb path: .;C:\Program Files\Android\Android Studio\jre\bin;C:\WINDOWS\SYSTEM32;C:\WINDOWS\WinSxS\amd64_microsoft.windows.common-controls_6595b64144ccf1df_6.0.22000.120_none_9d947278b86cc467;C:\Program Files\Android\Android Studio\jre\bin\server;C:\Users\omarch\.gradle\native\30\windows-amd64

VM Arguments:
jvm_args: --add-opens=java.base/java.util=ALL-UNNAMED --add-opens=java.base/java.lang=ALL-UNNAMED --add-opens=java.base/java.lang.invoke=ALL-UNNAMED --add-opens=java.prefs/java.util.prefs=ALL-UNNAMED -Xmx1536m -Dfile.encoding=windows-1252 -Duser.country=PE -Duser.language=es -Duser.variant 
java_command: org.gradle.launcher.daemon.bootstrap.GradleDaemon 5.6.4
java_class_path (initial): C:\Users\omarch\.gradle\wrapper\dists\gradle-5.6.4-all\ankdp27end7byghfw1q2sw75f\gradle-5.6.4\lib\gradle-launcher-5.6.4.jar
Launcher Type: SUN_STANDARD

[Global flags]
     intx CICompilerCount                          = 12                                        {product} {ergonomic}
     uint ConcGCThreads                            = 3                                         {product} {ergonomic}
     uint G1ConcRefinementThreads                  = 13                                        {product} {ergonomic}
   size_t G1HeapRegionSize                         = 1048576                                   {product} {ergonomic}
    uintx GCDrainStackTargetSize                   = 64                                        {product} {ergonomic}
   size_t InitialHeapSize                          = 123731968                                 {product} {ergonomic}
   size_t MarkStackSize                            = 4194304                                   {product} {ergonomic}
   size_t MaxHeapSize                              = 1610612736                                {product} {command line}
   size_t MaxNewSize                               = 965738496                                 {product} {ergonomic}
   size_t MinHeapDeltaBytes                        = 1048576                                   {product} {ergonomic}
    uintx NonNMethodCodeHeapSize                   = 7594288                                {pd product} {ergonomic}
    uintx NonProfiledCodeHeapSize                  = 122031976                              {pd product} {ergonomic}
    uintx ProfiledCodeHeapSize                     = 122031976                              {pd product} {ergonomic}
    uintx ReservedCodeCacheSize                    = 251658240                              {pd product} {ergonomic}
     bool SegmentedCodeCache                       = true                                      {product} {ergonomic}
     bool UseCompressedClassPointers               = true                                 {lp64_product} {ergonomic}
     bool UseCompressedOops                        = true                                 {lp64_product} {ergonomic}
     bool UseG1GC                                  = true                                      {product} {ergonomic}
     bool UseLargePagesIndividualAllocation        = false                                  {pd product} {ergonomic}

Logging:
Log output configuration:
 #0: stdout all=warning uptime,level,tags
 #1: stderr all=off uptime,level,tags

Environment Variables:
PATH=C:\Program Files\Common Files\Oracle\Java\javapath;C:\windows\system32;C:\windows;C:\windows\System32\Wbem;C:\windows\System32\WindowsPowerShell\v1.0\;C:\windows\System32\OpenSSH\;C:\Program Files (x86)\NVIDIA Corporation\PhysX\Common;C:\Program Files\NVIDIA Corporation\NVIDIA NvDLISR;C:\Program Files\dotnet\;C:\Program Files\Microsoft SQL Server\130\Tools\Binn\;C:\Program Files\Microsoft SQL Server\Client SDK\ODBC\170\Tools\Binn\;C:\Program Files\nodejs\;C:\Program Files\Git\cmd;C:\Program Files (x86)\Microsoft SQL Server\150\Tools\Binn\;C:\Program Files\Microsoft SQL Server\150\Tools\Binn\;C:\Program Files\Microsoft SQL Server\150\DTS\Binn\;C:\Program Files (x86)\Microsoft SQL Server\150\DTS\Binn\;C:\Program Files\Azure Data Studio\bin;C:\WINDOWS\system32;C:\WINDOWS;C:\WINDOWS\System32\Wbem;C:\WINDOWS\System32\WindowsPowerShell\v1.0\;C:\WINDOWS\System32\OpenSSH\;C:\Users\omarch\Documents\flutter\bin;C:\Users\omarch\AppData\Local\Microsoft\WindowsApps;C:\Users\omarch\AppData\Local\Programs\Microsoft VS Code\bin;C:\Users\omarch\.dotnet\tools;C:\Users\omarch\AppData\Roaming\npm;C:\Program Files\Azure Data Studio\bin;C:\Users\omarch\Documents\flutter\bin;
USERNAME=omarch
OS=Windows_NT
PROCESSOR_IDENTIFIER=AMD64 Family 25 Model 80 Stepping 0, AuthenticAMD



---------------  S Y S T E M  ---------------

OS: Windows 10 , 64 bit Build 22000 (10.0.22000.318)
OS uptime: 1 days 8:57 hours

CPU:total 16 (initial active 16) (16 cores per cpu, 2 threads per core) family 25 model 80 stepping 0 microcode 0x0, cmov, cx8, fxsr, mmx, sse, sse2, sse3, ssse3, sse4.1, sse4.2, popcnt, avx, avx2, aes, clmul, erms, mmxext, 3dnowpref, lzcnt, sse4a, ht, tsc, tscinvbit, tscinv, bmi1, bmi2,

Memory: 4k page, system-wide physical 7524M (13M free)
TotalPageFile size 31076M (AvailPageFile size 2M)
current process WorkingSet (physical memory assigned to process): 460M, peak: 465M
current process commit charge ("private bytes"): 622M, peak: 643M

vm_info: OpenJDK 64-Bit Server VM (11.0.10+0-b96-7249189) for windows-amd64 JRE (11.0.10+0-b96-7249189), built on Mar 31 2021 21:44:00 by "builder" with MS VC++ 14.0 (VS2015)

END.
